{"C:\\Users\\ccana\\Documents\\augment-projects\\akiva-ai-crypto\\src\\lib\\tradingGate.ts": {"path":"C:\\Users\\ccana\\Documents\\augment-projects\\akiva-ai-crypto\\src\\lib\\tradingGate.ts","statementMap":{"0":{"start":{"line":57,"column":2},"end":{"line":69,"column":null}},"1":{"start":{"line":60,"column":6},"end":{"line":60,"column":null}},"2":{"start":{"line":62,"column":6},"end":{"line":62,"column":32}},"3":{"start":{"line":64,"column":6},"end":{"line":64,"column":null}},"4":{"start":{"line":66,"column":6},"end":{"line":66,"column":null}},"5":{"start":{"line":68,"column":6},"end":{"line":68,"column":null}},"6":{"start":{"line":76,"column":2},"end":{"line":78,"column":null}},"7":{"start":{"line":77,"column":4},"end":{"line":77,"column":null}},"8":{"start":{"line":79,"column":2},"end":{"line":81,"column":null}},"9":{"start":{"line":80,"column":4},"end":{"line":80,"column":null}},"10":{"start":{"line":82,"column":2},"end":{"line":82,"column":null}},"11":{"start":{"line":89,"column":2},"end":{"line":100,"column":null}},"12":{"start":{"line":91,"column":6},"end":{"line":91,"column":null}},"13":{"start":{"line":93,"column":6},"end":{"line":93,"column":null}},"14":{"start":{"line":95,"column":6},"end":{"line":95,"column":32}},"15":{"start":{"line":97,"column":6},"end":{"line":97,"column":null}},"16":{"start":{"line":99,"column":6},"end":{"line":99,"column":null}},"17":{"start":{"line":111,"column":2},"end":{"line":113,"column":null}},"18":{"start":{"line":112,"column":4},"end":{"line":112,"column":18}},"19":{"start":{"line":116,"column":2},"end":{"line":116,"column":null}},"20":{"start":{"line":131,"column":96},"end":{"line":131,"column":null}},"21":{"start":{"line":133,"column":23},"end":{"line":133,"column":null}},"22":{"start":{"line":136,"column":2},"end":{"line":143,"column":null}},"23":{"start":{"line":137,"column":4},"end":{"line":142,"column":null}},"24":{"start":{"line":146,"column":20},"end":{"line":146,"column":null}},"25":{"start":{"line":147,"column":2},"end":{"line":154,"column":null}},"26":{"start":{"line":148,"column":4},"end":{"line":153,"column":null}},"27":{"start":{"line":157,"column":21},"end":{"line":157,"column":null}},"28":{"start":{"line":159,"column":2},"end":{"line":168,"column":null}},"29":{"start":{"line":160,"column":4},"end":{"line":167,"column":null}},"30":{"start":{"line":161,"column":6},"end":{"line":166,"column":null}},"31":{"start":{"line":171,"column":2},"end":{"line":178,"column":null}},"32":{"start":{"line":172,"column":4},"end":{"line":177,"column":null}},"33":{"start":{"line":180,"column":2},"end":{"line":184,"column":null}},"34":{"start":{"line":191,"column":2},"end":{"line":193,"column":null}},"35":{"start":{"line":192,"column":4},"end":{"line":192,"column":17}},"36":{"start":{"line":194,"column":2},"end":{"line":194,"column":null}},"37":{"start":{"line":205,"column":51},"end":{"line":205,"column":null}},"38":{"start":{"line":207,"column":28},"end":{"line":207,"column":null}},"39":{"start":{"line":208,"column":22},"end":{"line":208,"column":null}},"40":{"start":{"line":210,"column":2},"end":{"line":217,"column":null}},"41":{"start":{"line":211,"column":4},"end":{"line":216,"column":null}},"42":{"start":{"line":219,"column":2},"end":{"line":223,"column":null}},"43":{"start":{"line":240,"column":21},"end":{"line":240,"column":null}},"44":{"start":{"line":241,"column":2},"end":{"line":247,"column":null}},"45":{"start":{"line":242,"column":4},"end":{"line":246,"column":null}},"46":{"start":{"line":250,"column":19},"end":{"line":250,"column":null}},"47":{"start":{"line":251,"column":2},"end":{"line":257,"column":null}},"48":{"start":{"line":252,"column":4},"end":{"line":256,"column":null}},"49":{"start":{"line":260,"column":21},"end":{"line":260,"column":null}},"50":{"start":{"line":261,"column":2},"end":{"line":275,"column":null}},"51":{"start":{"line":262,"column":27},"end":{"line":266,"column":null}},"52":{"start":{"line":268,"column":4},"end":{"line":274,"column":null}},"53":{"start":{"line":269,"column":6},"end":{"line":273,"column":null}},"54":{"start":{"line":277,"column":2},"end":{"line":280,"column":null}}},"fnMap":{"0":{"name":"isDataQualityTradeable","decl":{"start":{"line":56,"column":16},"end":{"line":56,"column":39}},"loc":{"start":{"line":56,"column":59},"end":{"line":70,"column":null}},"line":56},"1":{"name":"getTradingState","decl":{"start":{"line":75,"column":16},"end":{"line":75,"column":32}},"loc":{"start":{"line":75,"column":61},"end":{"line":83,"column":null}},"line":75},"2":{"name":"isBookTradeable","decl":{"start":{"line":88,"column":16},"end":{"line":88,"column":32}},"loc":{"start":{"line":88,"column":47},"end":{"line":101,"column":null}},"line":88},"3":{"name":"isReducingOrder","decl":{"start":{"line":106,"column":16},"end":{"line":106,"column":null}},"loc":{"start":{"line":109,"column":35},"end":{"line":117,"column":null}},"line":109},"4":{"name":"checkTradingGate","decl":{"start":{"line":122,"column":16},"end":{"line":122,"column":33}},"loc":{"start":{"line":130,"column":1},"end":{"line":185,"column":null}},"line":130},"5":{"name":"calculateNotional","decl":{"start":{"line":190,"column":16},"end":{"line":190,"column":34}},"loc":{"start":{"line":190,"column":68},"end":{"line":195,"column":null}},"line":190},"6":{"name":"checkExposureLimits","decl":{"start":{"line":200,"column":16},"end":{"line":200,"column":36}},"loc":{"start":{"line":204,"column":1},"end":{"line":224,"column":null}},"line":204},"7":{"name":"validateTrade","decl":{"start":{"line":229,"column":16},"end":{"line":229,"column":30}},"loc":{"start":{"line":238,"column":1},"end":{"line":281,"column":null}},"line":238}},"branchMap":{"0":{"loc":{"start":{"line":57,"column":2},"end":{"line":69,"column":null}},"type":"switch","locations":[{"start":{"line":58,"column":4},"end":{"line":58,"column":null}},{"start":{"line":59,"column":4},"end":{"line":60,"column":null}},{"start":{"line":61,"column":4},"end":{"line":62,"column":32}},{"start":{"line":63,"column":4},"end":{"line":64,"column":null}},{"start":{"line":65,"column":4},"end":{"line":66,"column":null}},{"start":{"line":67,"column":4},"end":{"line":68,"column":null}}],"line":57},"1":{"loc":{"start":{"line":76,"column":2},"end":{"line":78,"column":null}},"type":"if","locations":[{"start":{"line":76,"column":2},"end":{"line":78,"column":null}},{"start":{},"end":{}}],"line":76},"2":{"loc":{"start":{"line":79,"column":2},"end":{"line":81,"column":null}},"type":"if","locations":[{"start":{"line":79,"column":2},"end":{"line":81,"column":null}},{"start":{},"end":{}}],"line":79},"3":{"loc":{"start":{"line":89,"column":2},"end":{"line":100,"column":null}},"type":"switch","locations":[{"start":{"line":90,"column":4},"end":{"line":91,"column":null}},{"start":{"line":92,"column":4},"end":{"line":93,"column":null}},{"start":{"line":94,"column":4},"end":{"line":95,"column":32}},{"start":{"line":96,"column":4},"end":{"line":97,"column":null}},{"start":{"line":98,"column":4},"end":{"line":99,"column":null}}],"line":89},"4":{"loc":{"start":{"line":111,"column":2},"end":{"line":113,"column":null}},"type":"if","locations":[{"start":{"line":111,"column":2},"end":{"line":113,"column":null}},{"start":{},"end":{}}],"line":111},"5":{"loc":{"start":{"line":111,"column":6},"end":{"line":111,"column":56}},"type":"binary-expr","locations":[{"start":{"line":111,"column":6},"end":{"line":111,"column":27}},{"start":{"line":111,"column":27},"end":{"line":111,"column":56}}],"line":111},"6":{"loc":{"start":{"line":136,"column":2},"end":{"line":143,"column":null}},"type":"if","locations":[{"start":{"line":136,"column":2},"end":{"line":143,"column":null}},{"start":{},"end":{}}],"line":136},"7":{"loc":{"start":{"line":147,"column":2},"end":{"line":154,"column":null}},"type":"if","locations":[{"start":{"line":147,"column":2},"end":{"line":154,"column":null}},{"start":{},"end":{}}],"line":147},"8":{"loc":{"start":{"line":159,"column":2},"end":{"line":168,"column":null}},"type":"if","locations":[{"start":{"line":159,"column":2},"end":{"line":168,"column":null}},{"start":{},"end":{}}],"line":159},"9":{"loc":{"start":{"line":159,"column":6},"end":{"line":159,"column":71}},"type":"binary-expr","locations":[{"start":{"line":159,"column":6},"end":{"line":159,"column":40}},{"start":{"line":159,"column":40},"end":{"line":159,"column":71}}],"line":159},"10":{"loc":{"start":{"line":160,"column":4},"end":{"line":167,"column":null}},"type":"if","locations":[{"start":{"line":160,"column":4},"end":{"line":167,"column":null}},{"start":{},"end":{}}],"line":160},"11":{"loc":{"start":{"line":171,"column":2},"end":{"line":178,"column":null}},"type":"if","locations":[{"start":{"line":171,"column":2},"end":{"line":178,"column":null}},{"start":{},"end":{}}],"line":171},"12":{"loc":{"start":{"line":171,"column":6},"end":{"line":171,"column":44}},"type":"binary-expr","locations":[{"start":{"line":171,"column":6},"end":{"line":171,"column":23}},{"start":{"line":171,"column":23},"end":{"line":171,"column":44}}],"line":171},"13":{"loc":{"start":{"line":191,"column":2},"end":{"line":193,"column":null}},"type":"if","locations":[{"start":{"line":191,"column":2},"end":{"line":193,"column":null}},{"start":{},"end":{}}],"line":191},"14":{"loc":{"start":{"line":191,"column":6},"end":{"line":191,"column":36}},"type":"binary-expr","locations":[{"start":{"line":191,"column":6},"end":{"line":191,"column":24}},{"start":{"line":191,"column":24},"end":{"line":191,"column":36}}],"line":191},"15":{"loc":{"start":{"line":205,"column":31},"end":{"line":205,"column":46}},"type":"default-arg","locations":[{"start":{"line":205,"column":45},"end":{"line":205,"column":46}}],"line":205},"16":{"loc":{"start":{"line":210,"column":2},"end":{"line":217,"column":null}},"type":"if","locations":[{"start":{"line":210,"column":2},"end":{"line":217,"column":null}},{"start":{},"end":{}}],"line":210},"17":{"loc":{"start":{"line":241,"column":2},"end":{"line":247,"column":null}},"type":"if","locations":[{"start":{"line":241,"column":2},"end":{"line":247,"column":null}},{"start":{},"end":{}}],"line":241},"18":{"loc":{"start":{"line":251,"column":2},"end":{"line":257,"column":null}},"type":"if","locations":[{"start":{"line":251,"column":2},"end":{"line":257,"column":null}},{"start":{},"end":{}}],"line":251},"19":{"loc":{"start":{"line":261,"column":2},"end":{"line":275,"column":null}},"type":"if","locations":[{"start":{"line":261,"column":2},"end":{"line":275,"column":null}},{"start":{},"end":{}}],"line":261},"20":{"loc":{"start":{"line":268,"column":4},"end":{"line":274,"column":null}},"type":"if","locations":[{"start":{"line":268,"column":4},"end":{"line":274,"column":null}},{"start":{},"end":{}}],"line":268}},"s":{"0":0,"1":0,"2":0,"3":0,"4":0,"5":0,"6":9,"7":3,"8":6,"9":3,"10":3,"11":4,"12":0,"13":0,"14":0,"15":4,"16":0,"17":6,"18":3,"19":3,"20":6,"21":6,"22":6,"23":2,"24":4,"25":4,"26":0,"27":4,"28":4,"29":2,"30":1,"31":3,"32":0,"33":3,"34":0,"35":0,"36":0,"37":0,"38":0,"39":0,"40":0,"41":0,"42":0,"43":0,"44":0,"45":0,"46":0,"47":0,"48":0,"49":0,"50":0,"51":0,"52":0,"53":0,"54":0},"f":{"0":0,"1":9,"2":4,"3":6,"4":6,"5":0,"6":0,"7":0},"b":{"0":[0,0,0,0,0,0],"1":[3,6],"2":[3,3],"3":[0,0,0,4,0],"4":[3,3],"5":[6,3],"6":[2,4],"7":[0,4],"8":[2,2],"9":[4,2],"10":[1,1],"11":[0,3],"12":[3,0],"13":[0,0],"14":[0,0],"15":[0],"16":[0,0],"17":[0,0],"18":[0,0],"19":[0,0],"20":[0,0]},"meta":{"lastBranch":21,"lastFunction":8,"lastStatement":55,"seen":{"f:56:16:56:39":0,"b:58:4:58:Infinity:59:4:60:Infinity:61:4:62:32:63:4:64:Infinity:65:4:66:Infinity:67:4:68:Infinity":0,"s:57:2:69:Infinity":0,"s:60:6:60:Infinity":1,"s:62:6:62:32":2,"s:64:6:64:Infinity":3,"s:66:6:66:Infinity":4,"s:68:6:68:Infinity":5,"f:75:16:75:32":1,"b:76:2:78:Infinity:undefined:undefined:undefined:undefined":1,"s:76:2:78:Infinity":6,"s:77:4:77:Infinity":7,"b:79:2:81:Infinity:undefined:undefined:undefined:undefined":2,"s:79:2:81:Infinity":8,"s:80:4:80:Infinity":9,"s:82:2:82:Infinity":10,"f:88:16:88:32":2,"b:90:4:91:Infinity:92:4:93:Infinity:94:4:95:32:96:4:97:Infinity:98:4:99:Infinity":3,"s:89:2:100:Infinity":11,"s:91:6:91:Infinity":12,"s:93:6:93:Infinity":13,"s:95:6:95:32":14,"s:97:6:97:Infinity":15,"s:99:6:99:Infinity":16,"f:106:16:106:Infinity":3,"b:111:2:113:Infinity:undefined:undefined:undefined:undefined":4,"s:111:2:113:Infinity":17,"b:111:6:111:27:111:27:111:56":5,"s:112:4:112:18":18,"s:116:2:116:Infinity":19,"f:122:16:122:33":4,"s:131:96:131:Infinity":20,"s:133:23:133:Infinity":21,"b:136:2:143:Infinity:undefined:undefined:undefined:undefined":6,"s:136:2:143:Infinity":22,"s:137:4:142:Infinity":23,"s:146:20:146:Infinity":24,"b:147:2:154:Infinity:undefined:undefined:undefined:undefined":7,"s:147:2:154:Infinity":25,"s:148:4:153:Infinity":26,"s:157:21:157:Infinity":27,"b:159:2:168:Infinity:undefined:undefined:undefined:undefined":8,"s:159:2:168:Infinity":28,"b:159:6:159:40:159:40:159:71":9,"b:160:4:167:Infinity:undefined:undefined:undefined:undefined":10,"s:160:4:167:Infinity":29,"s:161:6:166:Infinity":30,"b:171:2:178:Infinity:undefined:undefined:undefined:undefined":11,"s:171:2:178:Infinity":31,"b:171:6:171:23:171:23:171:44":12,"s:172:4:177:Infinity":32,"s:180:2:184:Infinity":33,"f:190:16:190:34":5,"b:191:2:193:Infinity:undefined:undefined:undefined:undefined":13,"s:191:2:193:Infinity":34,"b:191:6:191:24:191:24:191:36":14,"s:192:4:192:17":35,"s:194:2:194:Infinity":36,"f:200:16:200:36":6,"s:205:51:205:Infinity":37,"b:205:45:205:46":15,"s:207:28:207:Infinity":38,"s:208:22:208:Infinity":39,"b:210:2:217:Infinity:undefined:undefined:undefined:undefined":16,"s:210:2:217:Infinity":40,"s:211:4:216:Infinity":41,"s:219:2:223:Infinity":42,"f:229:16:229:30":7,"s:240:21:240:Infinity":43,"b:241:2:247:Infinity:undefined:undefined:undefined:undefined":17,"s:241:2:247:Infinity":44,"s:242:4:246:Infinity":45,"s:250:19:250:Infinity":46,"b:251:2:257:Infinity:undefined:undefined:undefined:undefined":18,"s:251:2:257:Infinity":47,"s:252:4:256:Infinity":48,"s:260:21:260:Infinity":49,"b:261:2:275:Infinity:undefined:undefined:undefined:undefined":19,"s:261:2:275:Infinity":50,"s:262:27:266:Infinity":51,"b:268:4:274:Infinity:undefined:undefined:undefined:undefined":20,"s:268:4:274:Infinity":52,"s:269:6:273:Infinity":53,"s:277:2:280:Infinity":54}}}
}
