{"C:\\Users\\ccana\\Documents\\augment-projects\\akiva-ai-crypto\\src\\components\\auth\\TwoFactorConfirmDialog.tsx": {"path":"C:\\Users\\ccana\\Documents\\augment-projects\\akiva-ai-crypto\\src\\components\\auth\\TwoFactorConfirmDialog.tsx","statementMap":{"0":{"start":{"line":30,"column":23},"end":{"line":30,"column":null}},"1":{"start":{"line":31,"column":37},"end":{"line":31,"column":null}},"2":{"start":{"line":32,"column":25},"end":{"line":32,"column":null}},"3":{"start":{"line":33,"column":33},"end":{"line":33,"column":null}},"4":{"start":{"line":34,"column":41},"end":{"line":34,"column":null}},"5":{"start":{"line":37,"column":2},"end":{"line":51,"column":null}},"6":{"start":{"line":38,"column":4},"end":{"line":50,"column":null}},"7":{"start":{"line":39,"column":22},"end":{"line":39,"column":null}},"8":{"start":{"line":40,"column":6},"end":{"line":40,"column":null}},"9":{"start":{"line":41,"column":6},"end":{"line":41,"column":null}},"10":{"start":{"line":42,"column":6},"end":{"line":42,"column":null}},"11":{"start":{"line":43,"column":6},"end":{"line":43,"column":null}},"12":{"start":{"line":46,"column":6},"end":{"line":49,"column":null}},"13":{"start":{"line":54,"column":2},"end":{"line":59,"column":null}},"14":{"start":{"line":55,"column":4},"end":{"line":58,"column":null}},"15":{"start":{"line":56,"column":20},"end":{"line":56,"column":null}},"16":{"start":{"line":56,"column":37},"end":{"line":56,"column":63}},"17":{"start":{"line":56,"column":55},"end":{"line":56,"column":63}},"18":{"start":{"line":57,"column":6},"end":{"line":57,"column":null}},"19":{"start":{"line":57,"column":19},"end":{"line":57,"column":null}},"20":{"start":{"line":61,"column":23},"end":{"line":80,"column":null}},"21":{"start":{"line":62,"column":4},"end":{"line":65,"column":null}},"22":{"start":{"line":63,"column":6},"end":{"line":63,"column":null}},"23":{"start":{"line":64,"column":6},"end":{"line":64,"column":null}},"24":{"start":{"line":67,"column":4},"end":{"line":67,"column":null}},"25":{"start":{"line":68,"column":4},"end":{"line":68,"column":null}},"26":{"start":{"line":70,"column":4},"end":{"line":79,"column":null}},"27":{"start":{"line":71,"column":6},"end":{"line":71,"column":null}},"28":{"start":{"line":72,"column":6},"end":{"line":72,"column":null}},"29":{"start":{"line":73,"column":6},"end":{"line":73,"column":null}},"30":{"start":{"line":75,"column":27},"end":{"line":75,"column":null}},"31":{"start":{"line":76,"column":6},"end":{"line":76,"column":null}},"32":{"start":{"line":78,"column":6},"end":{"line":78,"column":null}},"33":{"start":{"line":82,"column":23},"end":{"line":93,"column":null}},"34":{"start":{"line":83,"column":20},"end":{"line":83,"column":null}},"35":{"start":{"line":84,"column":4},"end":{"line":84,"column":null}},"36":{"start":{"line":85,"column":4},"end":{"line":85,"column":null}},"37":{"start":{"line":86,"column":4},"end":{"line":86,"column":null}},"38":{"start":{"line":87,"column":4},"end":{"line":87,"column":null}},"39":{"start":{"line":89,"column":4},"end":{"line":92,"column":null}},"40":{"start":{"line":95,"column":2},"end":{"line":201,"column":null}},"41":{"start":{"line":181,"column":27},"end":{"line":181,"column":null}}},"fnMap":{"0":{"name":"TwoFactorConfirmDialog","decl":{"start":{"line":21,"column":16},"end":{"line":21,"column":39}},"loc":{"start":{"line":29,"column":24},"end":{"line":209,"column":null}},"line":29},"1":{"name":"(anonymous_1)","decl":{"start":{"line":37,"column":12},"end":{"line":37,"column":null}},"loc":{"start":{"line":37,"column":12},"end":{"line":51,"column":5}},"line":37},"2":{"name":"(anonymous_2)","decl":{"start":{"line":54,"column":12},"end":{"line":54,"column":null}},"loc":{"start":{"line":54,"column":12},"end":{"line":59,"column":5}},"line":54},"3":{"name":"(anonymous_3)","decl":{"start":{"line":56,"column":31},"end":{"line":56,"column":37}},"loc":{"start":{"line":56,"column":37},"end":{"line":56,"column":63}},"line":56},"4":{"name":"(anonymous_4)","decl":{"start":{"line":56,"column":50},"end":{"line":56,"column":55}},"loc":{"start":{"line":56,"column":55},"end":{"line":56,"column":63}},"line":56},"5":{"name":"(anonymous_5)","decl":{"start":{"line":57,"column":13},"end":{"line":57,"column":19}},"loc":{"start":{"line":57,"column":19},"end":{"line":57,"column":null}},"line":57},"6":{"name":"(anonymous_6)","decl":{"start":{"line":61,"column":23},"end":{"line":61,"column":null}},"loc":{"start":{"line":61,"column":23},"end":{"line":80,"column":null}},"line":61},"7":{"name":"(anonymous_7)","decl":{"start":{"line":82,"column":23},"end":{"line":82,"column":null}},"loc":{"start":{"line":82,"column":23},"end":{"line":93,"column":null}},"line":82},"8":{"name":"(anonymous_8)","decl":{"start":{"line":181,"column":21},"end":{"line":181,"column":27}},"loc":{"start":{"line":181,"column":27},"end":{"line":181,"column":null}},"line":181}},"branchMap":{"0":{"loc":{"start":{"line":27,"column":2},"end":{"line":27,"column":22}},"type":"default-arg","locations":[{"start":{"line":27,"column":13},"end":{"line":27,"column":22}}],"line":27},"1":{"loc":{"start":{"line":38,"column":4},"end":{"line":50,"column":null}},"type":"if","locations":[{"start":{"line":38,"column":4},"end":{"line":50,"column":null}},{"start":{},"end":{}}],"line":38},"2":{"loc":{"start":{"line":39,"column":22},"end":{"line":39,"column":null}},"type":"binary-expr","locations":[{"start":{"line":39,"column":22},"end":{"line":39,"column":38}},{"start":{"line":39,"column":38},"end":{"line":39,"column":null}}],"line":39},"3":{"loc":{"start":{"line":55,"column":4},"end":{"line":58,"column":null}},"type":"if","locations":[{"start":{"line":55,"column":4},"end":{"line":58,"column":null}},{"start":{},"end":{}}],"line":55},"4":{"loc":{"start":{"line":55,"column":8},"end":{"line":55,"column":31}},"type":"binary-expr","locations":[{"start":{"line":55,"column":8},"end":{"line":55,"column":25}},{"start":{"line":55,"column":25},"end":{"line":55,"column":31}}],"line":55},"5":{"loc":{"start":{"line":62,"column":4},"end":{"line":65,"column":null}},"type":"if","locations":[{"start":{"line":62,"column":4},"end":{"line":65,"column":null}},{"start":{},"end":{}}],"line":62},"6":{"loc":{"start":{"line":75,"column":27},"end":{"line":75,"column":null}},"type":"cond-expr","locations":[{"start":{"line":75,"column":50},"end":{"line":75,"column":61}},{"start":{"line":75,"column":64},"end":{"line":75,"column":null}}],"line":75},"7":{"loc":{"start":{"line":102,"column":14},"end":{"line":102,"column":null}},"type":"cond-expr","locations":[{"start":{"line":102,"column":40},"end":{"line":102,"column":61}},{"start":{"line":102,"column":61},"end":{"line":102,"column":null}}],"line":102},"8":{"loc":{"start":{"line":114,"column":12},"end":{"line":116,"column":null}},"type":"cond-expr","locations":[{"start":{"line":115,"column":16},"end":{"line":115,"column":null}},{"start":{"line":116,"column":16},"end":{"line":116,"column":null}}],"line":114},"9":{"loc":{"start":{"line":120,"column":14},"end":{"line":120,"column":null}},"type":"cond-expr","locations":[{"start":{"line":120,"column":40},"end":{"line":120,"column":61}},{"start":{"line":120,"column":61},"end":{"line":120,"column":null}}],"line":120},"10":{"loc":{"start":{"line":129,"column":28},"end":{"line":129,"column":81}},"type":"cond-expr","locations":[{"start":{"line":129,"column":54},"end":{"line":129,"column":70}},{"start":{"line":129,"column":70},"end":{"line":129,"column":81}}],"line":129},"11":{"loc":{"start":{"line":130,"column":15},"end":{"line":130,"column":null}},"type":"cond-expr","locations":[{"start":{"line":130,"column":41},"end":{"line":130,"column":61}},{"start":{"line":130,"column":61},"end":{"line":130,"column":null}}],"line":130},"12":{"loc":{"start":{"line":156,"column":13},"end":{"line":157,"column":null}},"type":"binary-expr","locations":[{"start":{"line":156,"column":13},"end":{"line":156,"column":null}},{"start":{"line":156,"column":13},"end":{"line":157,"column":null}}],"line":156},"13":{"loc":{"start":{"line":163,"column":15},"end":{"line":170,"column":null}},"type":"cond-expr","locations":[{"start":{"line":163,"column":27},"end":{"line":166,"column":17}},{"start":{"line":166,"column":16},"end":{"line":170,"column":null}}],"line":163},"14":{"loc":{"start":{"line":188,"column":22},"end":{"line":188,"column":null}},"type":"binary-expr","locations":[{"start":{"line":188,"column":22},"end":{"line":188,"column":43}},{"start":{"line":188,"column":43},"end":{"line":188,"column":null}}],"line":188},"15":{"loc":{"start":{"line":190,"column":14},"end":{"line":190,"column":null}},"type":"binary-expr","locations":[{"start":{"line":190,"column":14},"end":{"line":190,"column":41}},{"start":{"line":190,"column":41},"end":{"line":190,"column":null}}],"line":190},"16":{"loc":{"start":{"line":193,"column":13},"end":{"line":201,"column":null}},"type":"cond-expr","locations":[{"start":{"line":193,"column":13},"end":{"line":199,"column":null}},{"start":{"line":199,"column":14},"end":{"line":201,"column":null}}],"line":193}},"s":{"0":9,"1":9,"2":9,"3":9,"4":9,"5":9,"6":7,"7":0,"8":0,"9":0,"10":0,"11":0,"12":0,"13":9,"14":7,"15":0,"16":0,"17":0,"18":0,"19":0,"20":9,"21":0,"22":0,"23":0,"24":0,"25":0,"26":0,"27":0,"28":0,"29":0,"30":0,"31":0,"32":0,"33":9,"34":0,"35":0,"36":0,"37":0,"38":0,"39":0,"40":9,"41":0},"f":{"0":9,"1":7,"2":7,"3":0,"4":0,"5":0,"6":0,"7":0,"8":0},"b":{"0":[9],"1":[0,7],"2":[0,0],"3":[0,7],"4":[7,0],"5":[0,0],"6":[0,0],"7":[0,9],"8":[0,9],"9":[0,9],"10":[0,9],"11":[0,9],"12":[9,0],"13":[0,9],"14":[9,0],"15":[9,0],"16":[0,9]},"meta":{"lastBranch":17,"lastFunction":9,"lastStatement":42,"seen":{"f:21:16:21:39":0,"b:27:13:27:22":0,"s:30:23:30:Infinity":0,"s:31:37:31:Infinity":1,"s:32:25:32:Infinity":2,"s:33:33:33:Infinity":3,"s:34:41:34:Infinity":4,"s:37:2:51:Infinity":5,"f:37:12:37:Infinity":1,"b:38:4:50:Infinity:undefined:undefined:undefined:undefined":1,"s:38:4:50:Infinity":6,"s:39:22:39:Infinity":7,"b:39:22:39:38:39:38:39:Infinity":2,"s:40:6:40:Infinity":8,"s:41:6:41:Infinity":9,"s:42:6:42:Infinity":10,"s:43:6:43:Infinity":11,"s:46:6:49:Infinity":12,"s:54:2:59:Infinity":13,"f:54:12:54:Infinity":2,"b:55:4:58:Infinity:undefined:undefined:undefined:undefined":3,"s:55:4:58:Infinity":14,"b:55:8:55:25:55:25:55:31":4,"s:56:20:56:Infinity":15,"f:56:31:56:37":3,"s:56:37:56:63":16,"f:56:50:56:55":4,"s:56:55:56:63":17,"s:57:6:57:Infinity":18,"f:57:13:57:19":5,"s:57:19:57:Infinity":19,"s:61:23:80:Infinity":20,"f:61:23:61:Infinity":6,"b:62:4:65:Infinity:undefined:undefined:undefined:undefined":5,"s:62:4:65:Infinity":21,"s:63:6:63:Infinity":22,"s:64:6:64:Infinity":23,"s:67:4:67:Infinity":24,"s:68:4:68:Infinity":25,"s:70:4:79:Infinity":26,"s:71:6:71:Infinity":27,"s:72:6:72:Infinity":28,"s:73:6:73:Infinity":29,"s:75:27:75:Infinity":30,"b:75:50:75:61:75:64:75:Infinity":6,"s:76:6:76:Infinity":31,"s:78:6:78:Infinity":32,"s:82:23:93:Infinity":33,"f:82:23:82:Infinity":7,"s:83:20:83:Infinity":34,"s:84:4:84:Infinity":35,"s:85:4:85:Infinity":36,"s:86:4:86:Infinity":37,"s:87:4:87:Infinity":38,"s:89:4:92:Infinity":39,"s:95:2:201:Infinity":40,"b:102:40:102:61:102:61:102:Infinity":7,"b:115:16:115:Infinity:116:16:116:Infinity":8,"b:120:40:120:61:120:61:120:Infinity":9,"b:129:54:129:70:129:70:129:81":10,"b:130:41:130:61:130:61:130:Infinity":11,"b:156:13:156:Infinity:156:13:157:Infinity":12,"b:163:27:166:17:166:16:170:Infinity":13,"f:181:21:181:27":8,"s:181:27:181:Infinity":41,"b:188:22:188:43:188:43:188:Infinity":14,"b:190:14:190:41:190:41:190:Infinity":15,"b:193:13:199:Infinity:199:14:201:Infinity":16}}}
,"C:\\Users\\ccana\\Documents\\augment-projects\\akiva-ai-crypto\\src\\components\\dashboard\\RiskGauge.tsx": {"path":"C:\\Users\\ccana\\Documents\\augment-projects\\akiva-ai-crypto\\src\\components\\dashboard\\RiskGauge.tsx","statementMap":{"0":{"start":{"line":11,"column":21},"end":{"line":11,"column":null}},"1":{"start":{"line":12,"column":19},"end":{"line":12,"column":null}},"2":{"start":{"line":14,"column":19},"end":{"line":18,"column":null}},"3":{"start":{"line":15,"column":4},"end":{"line":15,"column":null}},"4":{"start":{"line":15,"column":25},"end":{"line":15,"column":null}},"5":{"start":{"line":16,"column":4},"end":{"line":16,"column":null}},"6":{"start":{"line":16,"column":25},"end":{"line":16,"column":null}},"7":{"start":{"line":17,"column":4},"end":{"line":17,"column":null}},"8":{"start":{"line":20,"column":22},"end":{"line":24,"column":null}},"9":{"start":{"line":21,"column":4},"end":{"line":21,"column":null}},"10":{"start":{"line":21,"column":25},"end":{"line":21,"column":null}},"11":{"start":{"line":22,"column":4},"end":{"line":22,"column":null}},"12":{"start":{"line":22,"column":25},"end":{"line":22,"column":null}},"13":{"start":{"line":23,"column":4},"end":{"line":23,"column":null}},"14":{"start":{"line":26,"column":2},"end":{"line":59,"column":null}}},"fnMap":{"0":{"name":"RiskGauge","decl":{"start":{"line":10,"column":16},"end":{"line":10,"column":26}},"loc":{"start":{"line":10,"column":80},"end":{"line":63,"column":null}},"line":10},"1":{"name":"(anonymous_1)","decl":{"start":{"line":14,"column":19},"end":{"line":14,"column":null}},"loc":{"start":{"line":14,"column":19},"end":{"line":18,"column":null}},"line":14},"2":{"name":"(anonymous_2)","decl":{"start":{"line":20,"column":22},"end":{"line":20,"column":null}},"loc":{"start":{"line":20,"column":22},"end":{"line":24,"column":null}},"line":20}},"branchMap":{"0":{"loc":{"start":{"line":10,"column":35},"end":{"line":10,"column":44}},"type":"default-arg","locations":[{"start":{"line":10,"column":41},"end":{"line":10,"column":44}}],"line":10},"1":{"loc":{"start":{"line":15,"column":4},"end":{"line":15,"column":null}},"type":"if","locations":[{"start":{"line":15,"column":4},"end":{"line":15,"column":null}},{"start":{},"end":{}}],"line":15},"2":{"loc":{"start":{"line":16,"column":4},"end":{"line":16,"column":null}},"type":"if","locations":[{"start":{"line":16,"column":4},"end":{"line":16,"column":null}},{"start":{},"end":{}}],"line":16},"3":{"loc":{"start":{"line":21,"column":4},"end":{"line":21,"column":null}},"type":"if","locations":[{"start":{"line":21,"column":4},"end":{"line":21,"column":null}},{"start":{},"end":{}}],"line":21},"4":{"loc":{"start":{"line":22,"column":4},"end":{"line":22,"column":null}},"type":"if","locations":[{"start":{"line":22,"column":4},"end":{"line":22,"column":null}},{"start":{},"end":{}}],"line":22},"5":{"loc":{"start":{"line":36,"column":12},"end":{"line":36,"column":null}},"type":"cond-expr","locations":[{"start":{"line":36,"column":30},"end":{"line":36,"column":49}},{"start":{"line":36,"column":49},"end":{"line":36,"column":null}}],"line":36},"6":{"loc":{"start":{"line":36,"column":49},"end":{"line":36,"column":null}},"type":"cond-expr","locations":[{"start":{"line":36,"column":67},"end":{"line":36,"column":86}},{"start":{"line":36,"column":86},"end":{"line":36,"column":null}}],"line":36},"7":{"loc":{"start":{"line":59,"column":9},"end":{"line":59,"column":null}},"type":"binary-expr","locations":[{"start":{"line":59,"column":9},"end":{"line":59,"column":18}},{"start":{"line":59,"column":9},"end":{"line":59,"column":null}}],"line":59}},"s":{"0":23,"1":23,"2":23,"3":23,"4":6,"5":17,"6":10,"7":7,"8":23,"9":0,"10":0,"11":0,"12":0,"13":0,"14":23},"f":{"0":23,"1":23,"2":0},"b":{"0":[23],"1":[6,17],"2":[10,7],"3":[0,0],"4":[0,0],"5":[6,17],"6":[10,7],"7":[23,11]},"meta":{"lastBranch":8,"lastFunction":3,"lastStatement":15,"seen":{"f:10:16:10:26":0,"b:10:41:10:44":0,"s:11:21:11:Infinity":0,"s:12:19:12:Infinity":1,"s:14:19:18:Infinity":2,"f:14:19:14:Infinity":1,"b:15:4:15:Infinity:undefined:undefined:undefined:undefined":1,"s:15:4:15:Infinity":3,"s:15:25:15:Infinity":4,"b:16:4:16:Infinity:undefined:undefined:undefined:undefined":2,"s:16:4:16:Infinity":5,"s:16:25:16:Infinity":6,"s:17:4:17:Infinity":7,"s:20:22:24:Infinity":8,"f:20:22:20:Infinity":2,"b:21:4:21:Infinity:undefined:undefined:undefined:undefined":3,"s:21:4:21:Infinity":9,"s:21:25:21:Infinity":10,"b:22:4:22:Infinity:undefined:undefined:undefined:undefined":4,"s:22:4:22:Infinity":11,"s:22:25:22:Infinity":12,"s:23:4:23:Infinity":13,"s:26:2:59:Infinity":14,"b:36:30:36:49:36:49:36:Infinity":5,"b:36:67:36:86:36:86:36:Infinity":6,"b:59:9:59:18:59:9:59:Infinity":7}}}
,"C:\\Users\\ccana\\Documents\\augment-projects\\akiva-ai-crypto\\src\\components\\positions\\PositionManagementPanel.tsx": {"path":"C:\\Users\\ccana\\Documents\\augment-projects\\akiva-ai-crypto\\src\\components\\positions\\PositionManagementPanel.tsx","statementMap":{"0":{"start":{"line":44,"column":21},"end":{"line":44,"column":null}},"1":{"start":{"line":45,"column":17},"end":{"line":45,"column":null}},"2":{"start":{"line":47,"column":45},"end":{"line":47,"column":null}},"3":{"start":{"line":48,"column":49},"end":{"line":48,"column":null}},"4":{"start":{"line":50,"column":24},"end":{"line":52,"column":null}},"5":{"start":{"line":54,"column":26},"end":{"line":56,"column":null}},"6":{"start":{"line":58,"column":18},"end":{"line":58,"column":null}},"7":{"start":{"line":59,"column":20},"end":{"line":59,"column":null}},"8":{"start":{"line":61,"column":2},"end":{"line":151,"column":null}},"9":{"start":{"line":93,"column":38},"end":{"line":93,"column":null}},"10":{"start":{"line":115,"column":38},"end":{"line":115,"column":null}},"11":{"start":{"line":145,"column":51},"end":{"line":145,"column":72}},"12":{"start":{"line":149,"column":12},"end":{"line":149,"column":null}},"13":{"start":{"line":150,"column":12},"end":{"line":150,"column":null}},"14":{"start":{"line":170,"column":39},"end":{"line":170,"column":null}},"15":{"start":{"line":171,"column":15},"end":{"line":171,"column":null}},"16":{"start":{"line":172,"column":20},"end":{"line":172,"column":null}},"17":{"start":{"line":173,"column":21},"end":{"line":173,"column":null}},"18":{"start":{"line":174,"column":17},"end":{"line":174,"column":null}},"19":{"start":{"line":176,"column":23},"end":{"line":178,"column":null}},"20":{"start":{"line":180,"column":2},"end":{"line":261,"column":null}},"21":{"start":{"line":209,"column":36},"end":{"line":209,"column":null}},"22":{"start":{"line":216,"column":37},"end":{"line":218,"column":null}},"23":{"start":{"line":221,"column":33},"end":{"line":221,"column":null}},"24":{"start":{"line":251,"column":51},"end":{"line":251,"column":72}},"25":{"start":{"line":257,"column":14},"end":{"line":257,"column":null}},"26":{"start":{"line":258,"column":14},"end":{"line":258,"column":null}},"27":{"start":{"line":270,"column":43},"end":{"line":270,"column":null}},"28":{"start":{"line":271,"column":8},"end":{"line":271,"column":null}},"29":{"start":{"line":272,"column":47},"end":{"line":272,"column":null}},"30":{"start":{"line":273,"column":45},"end":{"line":273,"column":null}},"31":{"start":{"line":274,"column":49},"end":{"line":274,"column":null}},"32":{"start":{"line":275,"column":55},"end":{"line":275,"column":null}},"33":{"start":{"line":276,"column":57},"end":{"line":276,"column":null}},"34":{"start":{"line":277,"column":31},"end":{"line":277,"column":null}},"35":{"start":{"line":280,"column":8},"end":{"line":282,"column":null}},"36":{"start":{"line":281,"column":4},"end":{"line":281,"column":null}},"37":{"start":{"line":281,"column":35},"end":{"line":281,"column":68}},"38":{"start":{"line":285,"column":84},"end":{"line":288,"column":null}},"39":{"start":{"line":291,"column":23},"end":{"line":294,"column":null}},"40":{"start":{"line":292,"column":23},"end":{"line":292,"column":null}},"41":{"start":{"line":293,"column":4},"end":{"line":293,"column":null}},"42":{"start":{"line":296,"column":29},"end":{"line":305,"column":null}},"43":{"start":{"line":297,"column":22},"end":{"line":297,"column":null}},"44":{"start":{"line":298,"column":23},"end":{"line":298,"column":null}},"45":{"start":{"line":299,"column":17},"end":{"line":299,"column":null}},"46":{"start":{"line":300,"column":19},"end":{"line":300,"column":null}},"47":{"start":{"line":301,"column":4},"end":{"line":303,"column":null}},"48":{"start":{"line":302,"column":6},"end":{"line":302,"column":null}},"49":{"start":{"line":304,"column":4},"end":{"line":304,"column":null}},"50":{"start":{"line":307,"column":27},"end":{"line":307,"column":null}},"51":{"start":{"line":307,"column":56},"end":{"line":307,"column":91}},"52":{"start":{"line":308,"column":24},"end":{"line":311,"column":null}},"53":{"start":{"line":309,"column":22},"end":{"line":309,"column":null}},"54":{"start":{"line":310,"column":4},"end":{"line":310,"column":null}},"55":{"start":{"line":313,"column":30},"end":{"line":336,"column":null}},"56":{"start":{"line":314,"column":4},"end":{"line":314,"column":null}},"57":{"start":{"line":314,"column":32},"end":{"line":314,"column":null}},"58":{"start":{"line":316,"column":4},"end":{"line":335,"column":null}},"59":{"start":{"line":317,"column":24},"end":{"line":320,"column":null}},"60":{"start":{"line":322,"column":6},"end":{"line":322,"column":null}},"61":{"start":{"line":322,"column":17},"end":{"line":322,"column":null}},"62":{"start":{"line":324,"column":6},"end":{"line":324,"column":null}},"63":{"start":{"line":325,"column":6},"end":{"line":325,"column":null}},"64":{"start":{"line":327,"column":6},"end":{"line":327,"column":null}},"65":{"start":{"line":328,"column":6},"end":{"line":328,"column":null}},"66":{"start":{"line":330,"column":6},"end":{"line":334,"column":null}},"67":{"start":{"line":331,"column":21},"end":{"line":331,"column":null}},"68":{"start":{"line":332,"column":8},"end":{"line":332,"column":null}},"69":{"start":{"line":333,"column":8},"end":{"line":333,"column":null}},"70":{"start":{"line":338,"column":28},"end":{"line":340,"column":null}},"71":{"start":{"line":339,"column":4},"end":{"line":339,"column":null}},"72":{"start":{"line":342,"column":2},"end":{"line":348,"column":null}},"73":{"start":{"line":343,"column":4},"end":{"line":345,"column":null}},"74":{"start":{"line":350,"column":2},"end":{"line":667,"column":null}},"75":{"start":{"line":413,"column":57},"end":{"line":413,"column":null}},"76":{"start":{"line":445,"column":36},"end":{"line":445,"column":null}},"77":{"start":{"line":446,"column":37},"end":{"line":446,"column":null}},"78":{"start":{"line":447,"column":36},"end":{"line":447,"column":null}},"79":{"start":{"line":448,"column":31},"end":{"line":448,"column":null}},"80":{"start":{"line":449,"column":33},"end":{"line":449,"column":null}},"81":{"start":{"line":451,"column":40},"end":{"line":453,"column":null}},"82":{"start":{"line":455,"column":37},"end":{"line":457,"column":null}},"83":{"start":{"line":458,"column":36},"end":{"line":458,"column":null}},"84":{"start":{"line":460,"column":18},"end":{"line":461,"column":42}},"85":{"start":{"line":510,"column":30},"end":{"line":510,"column":null}},"86":{"start":{"line":511,"column":30},"end":{"line":511,"column":null}},"87":{"start":{"line":522,"column":30},"end":{"line":522,"column":null}},"88":{"start":{"line":523,"column":30},"end":{"line":523,"column":null}},"89":{"start":{"line":533,"column":43},"end":{"line":533,"column":null}},"90":{"start":{"line":554,"column":32},"end":{"line":554,"column":null}},"91":{"start":{"line":555,"column":33},"end":{"line":555,"column":null}},"92":{"start":{"line":556,"column":27},"end":{"line":556,"column":null}},"93":{"start":{"line":557,"column":29},"end":{"line":557,"column":null}},"94":{"start":{"line":558,"column":36},"end":{"line":560,"column":null}},"95":{"start":{"line":561,"column":33},"end":{"line":563,"column":null}},"96":{"start":{"line":564,"column":32},"end":{"line":564,"column":null}},"97":{"start":{"line":566,"column":14},"end":{"line":567,"column":39}},"98":{"start":{"line":613,"column":24},"end":{"line":613,"column":null}},"99":{"start":{"line":614,"column":24},"end":{"line":614,"column":null}},"100":{"start":{"line":625,"column":24},"end":{"line":625,"column":null}},"101":{"start":{"line":626,"column":24},"end":{"line":626,"column":null}},"102":{"start":{"line":636,"column":37},"end":{"line":636,"column":null}},"103":{"start":{"line":664,"column":12},"end":{"line":664,"column":null}}},"fnMap":{"0":{"name":"StopLossTakeProfitModal","decl":{"start":{"line":43,"column":9},"end":{"line":43,"column":33}},"loc":{"start":{"line":43,"column":93},"end":{"line":158,"column":null}},"line":43},"1":{"name":"(anonymous_1)","decl":{"start":{"line":93,"column":31},"end":{"line":93,"column":32}},"loc":{"start":{"line":93,"column":38},"end":{"line":93,"column":null}},"line":93},"2":{"name":"(anonymous_2)","decl":{"start":{"line":115,"column":31},"end":{"line":115,"column":32}},"loc":{"start":{"line":115,"column":38},"end":{"line":115,"column":null}},"line":115},"3":{"name":"(anonymous_3)","decl":{"start":{"line":145,"column":45},"end":{"line":145,"column":51}},"loc":{"start":{"line":145,"column":51},"end":{"line":145,"column":72}},"line":145},"4":{"name":"(anonymous_4)","decl":{"start":{"line":148,"column":27},"end":{"line":148,"column":null}},"loc":{"start":{"line":148,"column":27},"end":{"line":151,"column":13}},"line":148},"5":{"name":"PartialCloseModal","decl":{"start":{"line":169,"column":9},"end":{"line":169,"column":27}},"loc":{"start":{"line":169,"column":103},"end":{"line":267,"column":null}},"line":169},"6":{"name":"(anonymous_6)","decl":{"start":{"line":209,"column":29},"end":{"line":209,"column":30}},"loc":{"start":{"line":209,"column":36},"end":{"line":209,"column":null}},"line":209},"7":{"name":"(anonymous_7)","decl":{"start":{"line":216,"column":37},"end":{"line":216,"column":null}},"loc":{"start":{"line":216,"column":37},"end":{"line":218,"column":null}},"line":216},"8":{"name":"(anonymous_8)","decl":{"start":{"line":221,"column":27},"end":{"line":221,"column":33}},"loc":{"start":{"line":221,"column":33},"end":{"line":221,"column":null}},"line":221},"9":{"name":"(anonymous_9)","decl":{"start":{"line":251,"column":45},"end":{"line":251,"column":51}},"loc":{"start":{"line":251,"column":51},"end":{"line":251,"column":72}},"line":251},"10":{"name":"(anonymous_10)","decl":{"start":{"line":256,"column":21},"end":{"line":256,"column":null}},"loc":{"start":{"line":256,"column":21},"end":{"line":259,"column":null}},"line":256},"11":{"name":"PositionManagementPanel","decl":{"start":{"line":269,"column":16},"end":{"line":269,"column":null}},"loc":{"start":{"line":269,"column":16},"end":{"line":672,"column":null}},"line":269},"12":{"name":"(anonymous_12)","decl":{"start":{"line":280,"column":30},"end":{"line":280,"column":null}},"loc":{"start":{"line":281,"column":4},"end":{"line":281,"column":null}},"line":281},"13":{"name":"(anonymous_13)","decl":{"start":{"line":281,"column":30},"end":{"line":281,"column":35}},"loc":{"start":{"line":281,"column":35},"end":{"line":281,"column":68}},"line":281},"14":{"name":"(anonymous_14)","decl":{"start":{"line":291,"column":23},"end":{"line":291,"column":24}},"loc":{"start":{"line":291,"column":24},"end":{"line":294,"column":null}},"line":291},"15":{"name":"(anonymous_15)","decl":{"start":{"line":296,"column":46},"end":{"line":296,"column":47}},"loc":{"start":{"line":296,"column":52},"end":{"line":305,"column":5}},"line":296},"16":{"name":"(anonymous_16)","decl":{"start":{"line":307,"column":44},"end":{"line":307,"column":45}},"loc":{"start":{"line":307,"column":56},"end":{"line":307,"column":91}},"line":307},"17":{"name":"(anonymous_17)","decl":{"start":{"line":308,"column":41},"end":{"line":308,"column":42}},"loc":{"start":{"line":308,"column":47},"end":{"line":311,"column":5}},"line":308},"18":{"name":"(anonymous_18)","decl":{"start":{"line":313,"column":30},"end":{"line":313,"column":37}},"loc":{"start":{"line":313,"column":37},"end":{"line":336,"column":null}},"line":313},"19":{"name":"(anonymous_19)","decl":{"start":{"line":314,"column":24},"end":{"line":314,"column":32}},"loc":{"start":{"line":314,"column":32},"end":{"line":314,"column":null}},"line":314},"20":{"name":"(anonymous_20)","decl":{"start":{"line":330,"column":26},"end":{"line":330,"column":null}},"loc":{"start":{"line":330,"column":26},"end":{"line":334,"column":null}},"line":330},"21":{"name":"(anonymous_21)","decl":{"start":{"line":338,"column":28},"end":{"line":338,"column":29}},"loc":{"start":{"line":338,"column":47},"end":{"line":340,"column":null}},"line":338},"22":{"name":"(anonymous_22)","decl":{"start":{"line":413,"column":50},"end":{"line":413,"column":51}},"loc":{"start":{"line":413,"column":57},"end":{"line":413,"column":null}},"line":413},"23":{"name":"(anonymous_23)","decl":{"start":{"line":444,"column":31},"end":{"line":444,"column":32}},"loc":{"start":{"line":444,"column":32},"end":{"line":546,"column":null}},"line":444},"24":{"name":"(anonymous_24)","decl":{"start":{"line":509,"column":37},"end":{"line":509,"column":null}},"loc":{"start":{"line":509,"column":37},"end":{"line":512,"column":null}},"line":509},"25":{"name":"(anonymous_25)","decl":{"start":{"line":521,"column":37},"end":{"line":521,"column":null}},"loc":{"start":{"line":521,"column":37},"end":{"line":524,"column":null}},"line":521},"26":{"name":"(anonymous_26)","decl":{"start":{"line":533,"column":37},"end":{"line":533,"column":43}},"loc":{"start":{"line":533,"column":43},"end":{"line":533,"column":null}},"line":533},"27":{"name":"(anonymous_27)","decl":{"start":{"line":553,"column":27},"end":{"line":553,"column":28}},"loc":{"start":{"line":553,"column":28},"end":{"line":645,"column":null}},"line":553},"28":{"name":"(anonymous_28)","decl":{"start":{"line":612,"column":31},"end":{"line":612,"column":null}},"loc":{"start":{"line":612,"column":31},"end":{"line":615,"column":null}},"line":612},"29":{"name":"(anonymous_29)","decl":{"start":{"line":624,"column":31},"end":{"line":624,"column":null}},"loc":{"start":{"line":624,"column":31},"end":{"line":627,"column":null}},"line":624},"30":{"name":"(anonymous_30)","decl":{"start":{"line":636,"column":31},"end":{"line":636,"column":37}},"loc":{"start":{"line":636,"column":37},"end":{"line":636,"column":null}},"line":636},"31":{"name":"(anonymous_31)","decl":{"start":{"line":663,"column":19},"end":{"line":663,"column":20}},"loc":{"start":{"line":663,"column":20},"end":{"line":665,"column":null}},"line":663}},"branchMap":{"0":{"loc":{"start":{"line":50,"column":24},"end":{"line":52,"column":null}},"type":"cond-expr","locations":[{"start":{"line":51,"column":6},"end":{"line":51,"column":null}},{"start":{"line":52,"column":6},"end":{"line":52,"column":null}}],"line":50},"1":{"loc":{"start":{"line":54,"column":26},"end":{"line":56,"column":null}},"type":"cond-expr","locations":[{"start":{"line":55,"column":6},"end":{"line":55,"column":null}},{"start":{"line":56,"column":6},"end":{"line":56,"column":null}}],"line":54},"2":{"loc":{"start":{"line":77,"column":30},"end":{"line":77,"column":null}},"type":"cond-expr","locations":[{"start":{"line":77,"column":39},"end":{"line":77,"column":80}},{"start":{"line":77,"column":80},"end":{"line":77,"column":null}}],"line":77},"3":{"loc":{"start":{"line":78,"column":15},"end":{"line":78,"column":null}},"type":"cond-expr","locations":[{"start":{"line":78,"column":24},"end":{"line":78,"column":33}},{"start":{"line":78,"column":33},"end":{"line":78,"column":null}}],"line":78},"4":{"loc":{"start":{"line":171,"column":22},"end":{"line":171,"column":null}},"type":"binary-expr","locations":[{"start":{"line":171,"column":22},"end":{"line":171,"column":35}},{"start":{"line":171,"column":39},"end":{"line":171,"column":null}}],"line":171},"5":{"loc":{"start":{"line":173,"column":28},"end":{"line":173,"column":null}},"type":"binary-expr","locations":[{"start":{"line":173,"column":28},"end":{"line":173,"column":48}},{"start":{"line":173,"column":52},"end":{"line":173,"column":null}}],"line":173},"6":{"loc":{"start":{"line":176,"column":23},"end":{"line":178,"column":null}},"type":"cond-expr","locations":[{"start":{"line":177,"column":6},"end":{"line":177,"column":null}},{"start":{"line":178,"column":6},"end":{"line":178,"column":null}}],"line":176},"7":{"loc":{"start":{"line":219,"column":27},"end":{"line":219,"column":null}},"type":"cond-expr","locations":[{"start":{"line":219,"column":50},"end":{"line":219,"column":64}},{"start":{"line":219,"column":64},"end":{"line":219,"column":null}}],"line":219},"8":{"loc":{"start":{"line":242,"column":16},"end":{"line":242,"column":null}},"type":"cond-expr","locations":[{"start":{"line":242,"column":36},"end":{"line":242,"column":58}},{"start":{"line":242,"column":58},"end":{"line":242,"column":null}}],"line":242},"9":{"loc":{"start":{"line":244,"column":17},"end":{"line":244,"column":46}},"type":"cond-expr","locations":[{"start":{"line":244,"column":37},"end":{"line":244,"column":43}},{"start":{"line":244,"column":43},"end":{"line":244,"column":46}}],"line":244},"10":{"loc":{"start":{"line":270,"column":16},"end":{"line":270,"column":30}},"type":"default-arg","locations":[{"start":{"line":270,"column":28},"end":{"line":270,"column":30}}],"line":270},"11":{"loc":{"start":{"line":293,"column":11},"end":{"line":293,"column":null}},"type":"binary-expr","locations":[{"start":{"line":293,"column":11},"end":{"line":293,"column":44}},{"start":{"line":293,"column":44},"end":{"line":293,"column":null}}],"line":293},"12":{"loc":{"start":{"line":298,"column":30},"end":{"line":298,"column":null}},"type":"binary-expr","locations":[{"start":{"line":298,"column":30},"end":{"line":298,"column":43}},{"start":{"line":298,"column":47},"end":{"line":298,"column":null}}],"line":298},"13":{"loc":{"start":{"line":299,"column":24},"end":{"line":299,"column":null}},"type":"binary-expr","locations":[{"start":{"line":299,"column":24},"end":{"line":299,"column":30}},{"start":{"line":299,"column":34},"end":{"line":299,"column":null}}],"line":299},"14":{"loc":{"start":{"line":301,"column":4},"end":{"line":303,"column":null}},"type":"if","locations":[{"start":{"line":301,"column":4},"end":{"line":303,"column":null}},{"start":{},"end":{}}],"line":301},"15":{"loc":{"start":{"line":302,"column":20},"end":{"line":302,"column":93}},"type":"cond-expr","locations":[{"start":{"line":302,"column":29},"end":{"line":302,"column":63}},{"start":{"line":302,"column":63},"end":{"line":302,"column":93}}],"line":302},"16":{"loc":{"start":{"line":304,"column":24},"end":{"line":304,"column":null}},"type":"binary-expr","locations":[{"start":{"line":304,"column":24},"end":{"line":304,"column":40}},{"start":{"line":304,"column":44},"end":{"line":304,"column":null}}],"line":304},"17":{"loc":{"start":{"line":307,"column":69},"end":{"line":307,"column":91}},"type":"binary-expr","locations":[{"start":{"line":307,"column":69},"end":{"line":307,"column":83}},{"start":{"line":307,"column":87},"end":{"line":307,"column":91}}],"line":307},"18":{"loc":{"start":{"line":309,"column":22},"end":{"line":309,"column":null}},"type":"binary-expr","locations":[{"start":{"line":309,"column":22},"end":{"line":309,"column":52}},{"start":{"line":309,"column":52},"end":{"line":309,"column":null}}],"line":309},"19":{"loc":{"start":{"line":322,"column":6},"end":{"line":322,"column":null}},"type":"if","locations":[{"start":{"line":322,"column":6},"end":{"line":322,"column":null}},{"start":{},"end":{}}],"line":322},"20":{"loc":{"start":{"line":342,"column":2},"end":{"line":348,"column":null}},"type":"if","locations":[{"start":{"line":342,"column":2},"end":{"line":348,"column":null}},{"start":{},"end":{}}],"line":342},"21":{"loc":{"start":{"line":379,"column":12},"end":{"line":379,"column":null}},"type":"cond-expr","locations":[{"start":{"line":379,"column":38},"end":{"line":379,"column":60}},{"start":{"line":379,"column":60},"end":{"line":379,"column":null}}],"line":379},"22":{"loc":{"start":{"line":381,"column":13},"end":{"line":381,"column":111}},"type":"cond-expr","locations":[{"start":{"line":381,"column":35},"end":{"line":381,"column":76}},{"start":{"line":381,"column":75},"end":{"line":381,"column":111}}],"line":381},"23":{"loc":{"start":{"line":393,"column":12},"end":{"line":393,"column":null}},"type":"cond-expr","locations":[{"start":{"line":393,"column":36},"end":{"line":393,"column":58}},{"start":{"line":393,"column":58},"end":{"line":393,"column":null}}],"line":393},"24":{"loc":{"start":{"line":395,"column":13},"end":{"line":395,"column":46}},"type":"cond-expr","locations":[{"start":{"line":395,"column":37},"end":{"line":395,"column":43}},{"start":{"line":395,"column":43},"end":{"line":395,"column":46}}],"line":395},"25":{"loc":{"start":{"line":422,"column":9},"end":{"line":645,"column":null}},"type":"cond-expr","locations":[{"start":{"line":422,"column":30},"end":{"line":427,"column":25}},{"start":{"line":427,"column":12},"end":{"line":645,"column":null}}],"line":422},"26":{"loc":{"start":{"line":427,"column":12},"end":{"line":645,"column":null}},"type":"cond-expr","locations":[{"start":{"line":427,"column":25},"end":{"line":551,"column":24}},{"start":{"line":551,"column":24},"end":{"line":645,"column":null}}],"line":427},"27":{"loc":{"start":{"line":446,"column":44},"end":{"line":446,"column":null}},"type":"binary-expr","locations":[{"start":{"line":446,"column":44},"end":{"line":446,"column":64}},{"start":{"line":446,"column":68},"end":{"line":446,"column":null}}],"line":446},"28":{"loc":{"start":{"line":447,"column":36},"end":{"line":447,"column":null}},"type":"cond-expr","locations":[{"start":{"line":447,"column":52},"end":{"line":447,"column":64}},{"start":{"line":447,"column":64},"end":{"line":447,"column":null}}],"line":447},"29":{"loc":{"start":{"line":447,"column":71},"end":{"line":447,"column":null}},"type":"binary-expr","locations":[{"start":{"line":447,"column":71},"end":{"line":447,"column":90}},{"start":{"line":447,"column":94},"end":{"line":447,"column":null}}],"line":447},"30":{"loc":{"start":{"line":448,"column":38},"end":{"line":448,"column":null}},"type":"binary-expr","locations":[{"start":{"line":448,"column":38},"end":{"line":448,"column":51}},{"start":{"line":448,"column":55},"end":{"line":448,"column":null}}],"line":448},"31":{"loc":{"start":{"line":451,"column":40},"end":{"line":453,"column":null}},"type":"cond-expr","locations":[{"start":{"line":452,"column":23},"end":{"line":452,"column":null}},{"start":{"line":453,"column":22},"end":{"line":453,"column":null}}],"line":451},"32":{"loc":{"start":{"line":452,"column":23},"end":{"line":452,"column":null}},"type":"cond-expr","locations":[{"start":{"line":452,"column":32},"end":{"line":452,"column":66}},{"start":{"line":452,"column":66},"end":{"line":452,"column":null}}],"line":452},"33":{"loc":{"start":{"line":453,"column":29},"end":{"line":453,"column":null}},"type":"binary-expr","locations":[{"start":{"line":453,"column":29},"end":{"line":453,"column":52}},{"start":{"line":453,"column":56},"end":{"line":453,"column":null}}],"line":453},"34":{"loc":{"start":{"line":455,"column":37},"end":{"line":457,"column":null}},"type":"cond-expr","locations":[{"start":{"line":456,"column":22},"end":{"line":456,"column":null}},{"start":{"line":457,"column":22},"end":{"line":457,"column":null}}],"line":455},"35":{"loc":{"start":{"line":465,"column":27},"end":{"line":466,"column":null}},"type":"binary-expr","locations":[{"start":{"line":465,"column":27},"end":{"line":465,"column":null}},{"start":{"line":465,"column":39},"end":{"line":466,"column":null}}],"line":465},"36":{"loc":{"start":{"line":475,"column":26},"end":{"line":477,"column":null}},"type":"cond-expr","locations":[{"start":{"line":476,"column":30},"end":{"line":476,"column":null}},{"start":{"line":477,"column":30},"end":{"line":477,"column":null}}],"line":475},"37":{"loc":{"start":{"line":479,"column":27},"end":{"line":479,"column":null}},"type":"cond-expr","locations":[{"start":{"line":479,"column":36},"end":{"line":479,"column":45}},{"start":{"line":479,"column":45},"end":{"line":479,"column":null}}],"line":479},"38":{"loc":{"start":{"line":486,"column":25},"end":{"line":488,"column":null}},"type":"cond-expr","locations":[{"start":{"line":487,"column":28},"end":{"line":487,"column":85}},{"start":{"line":488,"column":28},"end":{"line":488,"column":null}}],"line":486},"39":{"loc":{"start":{"line":493,"column":26},"end":{"line":493,"column":null}},"type":"cond-expr","locations":[{"start":{"line":493,"column":47},"end":{"line":493,"column":69}},{"start":{"line":493,"column":69},"end":{"line":493,"column":null}}],"line":493},"40":{"loc":{"start":{"line":495,"column":27},"end":{"line":495,"column":57}},"type":"cond-expr","locations":[{"start":{"line":495,"column":48},"end":{"line":495,"column":54}},{"start":{"line":495,"column":54},"end":{"line":495,"column":57}}],"line":495},"41":{"loc":{"start":{"line":497,"column":30},"end":{"line":497,"column":58}},"type":"cond-expr","locations":[{"start":{"line":497,"column":48},"end":{"line":497,"column":54}},{"start":{"line":497,"column":54},"end":{"line":497,"column":58}}],"line":497},"42":{"loc":{"start":{"line":536,"column":29},"end":{"line":539,"column":null}},"type":"cond-expr","locations":[{"start":{"line":536,"column":29},"end":{"line":539,"column":31}},{"start":{"line":539,"column":30},"end":{"line":539,"column":null}}],"line":536},"43":{"loc":{"start":{"line":555,"column":40},"end":{"line":555,"column":null}},"type":"binary-expr","locations":[{"start":{"line":555,"column":40},"end":{"line":555,"column":60}},{"start":{"line":555,"column":64},"end":{"line":555,"column":null}}],"line":555},"44":{"loc":{"start":{"line":556,"column":34},"end":{"line":556,"column":null}},"type":"binary-expr","locations":[{"start":{"line":556,"column":34},"end":{"line":556,"column":47}},{"start":{"line":556,"column":51},"end":{"line":556,"column":null}}],"line":556},"45":{"loc":{"start":{"line":558,"column":36},"end":{"line":560,"column":null}},"type":"cond-expr","locations":[{"start":{"line":559,"column":19},"end":{"line":559,"column":null}},{"start":{"line":560,"column":18},"end":{"line":560,"column":null}}],"line":558},"46":{"loc":{"start":{"line":559,"column":19},"end":{"line":559,"column":null}},"type":"cond-expr","locations":[{"start":{"line":559,"column":28},"end":{"line":559,"column":62}},{"start":{"line":559,"column":62},"end":{"line":559,"column":null}}],"line":559},"47":{"loc":{"start":{"line":560,"column":25},"end":{"line":560,"column":null}},"type":"binary-expr","locations":[{"start":{"line":560,"column":25},"end":{"line":560,"column":48}},{"start":{"line":560,"column":52},"end":{"line":560,"column":null}}],"line":560},"48":{"loc":{"start":{"line":561,"column":33},"end":{"line":563,"column":null}},"type":"cond-expr","locations":[{"start":{"line":562,"column":18},"end":{"line":562,"column":null}},{"start":{"line":563,"column":18},"end":{"line":563,"column":null}}],"line":561},"49":{"loc":{"start":{"line":573,"column":24},"end":{"line":575,"column":null}},"type":"cond-expr","locations":[{"start":{"line":574,"column":28},"end":{"line":574,"column":null}},{"start":{"line":575,"column":28},"end":{"line":575,"column":null}}],"line":573},"50":{"loc":{"start":{"line":577,"column":25},"end":{"line":577,"column":null}},"type":"cond-expr","locations":[{"start":{"line":577,"column":34},"end":{"line":577,"column":43}},{"start":{"line":577,"column":43},"end":{"line":577,"column":null}}],"line":577},"51":{"loc":{"start":{"line":594,"column":50},"end":{"line":594,"column":92}},"type":"binary-expr","locations":[{"start":{"line":594,"column":50},"end":{"line":594,"column":63}},{"start":{"line":594,"column":63},"end":{"line":594,"column":92}}],"line":594},"52":{"loc":{"start":{"line":600,"column":24},"end":{"line":600,"column":null}},"type":"cond-expr","locations":[{"start":{"line":600,"column":45},"end":{"line":600,"column":67}},{"start":{"line":600,"column":67},"end":{"line":600,"column":null}}],"line":600},"53":{"loc":{"start":{"line":602,"column":25},"end":{"line":602,"column":55}},"type":"cond-expr","locations":[{"start":{"line":602,"column":46},"end":{"line":602,"column":52}},{"start":{"line":602,"column":52},"end":{"line":602,"column":55}}],"line":602},"54":{"loc":{"start":{"line":602,"column":85},"end":{"line":602,"column":113}},"type":"cond-expr","locations":[{"start":{"line":602,"column":103},"end":{"line":602,"column":109}},{"start":{"line":602,"column":109},"end":{"line":602,"column":113}}],"line":602},"55":{"loc":{"start":{"line":639,"column":23},"end":{"line":639,"column":108}},"type":"cond-expr","locations":[{"start":{"line":639,"column":23},"end":{"line":639,"column":83}},{"start":{"line":639,"column":82},"end":{"line":639,"column":108}}],"line":639},"56":{"loc":{"start":{"line":650,"column":7},"end":{"line":655,"column":null}},"type":"binary-expr","locations":[{"start":{"line":650,"column":7},"end":{"line":650,"column":null}},{"start":{"line":650,"column":7},"end":{"line":655,"column":null}}],"line":650},"57":{"loc":{"start":{"line":659,"column":7},"end":{"line":667,"column":null}},"type":"binary-expr","locations":[{"start":{"line":659,"column":7},"end":{"line":659,"column":null}},{"start":{"line":659,"column":7},"end":{"line":667,"column":null}}],"line":659},"58":{"loc":{"start":{"line":662,"column":21},"end":{"line":662,"column":null}},"type":"binary-expr","locations":[{"start":{"line":662,"column":21},"end":{"line":662,"column":70}},{"start":{"line":662,"column":70},"end":{"line":662,"column":null}}],"line":662}},"s":{"0":0,"1":0,"2":0,"3":0,"4":0,"5":0,"6":0,"7":0,"8":0,"9":0,"10":0,"11":0,"12":0,"13":0,"14":0,"15":0,"16":0,"17":0,"18":0,"19":0,"20":0,"21":0,"22":0,"23":0,"24":0,"25":0,"26":0,"27":21,"28":21,"29":21,"30":21,"31":21,"32":21,"33":21,"34":21,"35":21,"36":16,"37":7,"38":21,"39":21,"40":33,"41":33,"42":21,"43":11,"44":11,"45":11,"46":11,"47":11,"48":11,"49":0,"50":21,"51":11,"52":21,"53":11,"54":11,"55":21,"56":2,"57":2,"58":2,"59":2,"60":2,"61":0,"62":2,"63":2,"64":0,"65":0,"66":2,"67":2,"68":2,"69":2,"70":21,"71":0,"72":21,"73":8,"74":12,"75":0,"76":11,"77":11,"78":11,"79":11,"80":11,"81":11,"82":11,"83":11,"84":11,"85":0,"86":0,"87":0,"88":0,"89":2,"90":0,"91":0,"92":0,"93":0,"94":0,"95":0,"96":0,"97":0,"98":0,"99":0,"100":0,"101":0,"102":0,"103":0},"f":{"0":0,"1":0,"2":0,"3":0,"4":0,"5":0,"6":0,"7":0,"8":0,"9":0,"10":0,"11":21,"12":16,"13":7,"14":33,"15":11,"16":11,"17":11,"18":2,"19":2,"20":2,"21":0,"22":0,"23":11,"24":0,"25":0,"26":2,"27":0,"28":0,"29":0,"30":0,"31":0},"b":{"0":[0,0],"1":[0,0],"2":[0,0],"3":[0,0],"4":[0,0],"5":[0,0],"6":[0,0],"7":[0,0],"8":[0,0],"9":[0,0],"10":[21],"11":[33,0],"12":[11,0],"13":[11,0],"14":[11,0],"15":[11,0],"16":[0,0],"17":[11,11],"18":[11,0],"19":[0,2],"20":[8,13],"21":[12,0],"22":[12,0],"23":[12,0],"24":[12,0],"25":[1,11],"26":[11,0],"27":[11,0],"28":[11,0],"29":[0,0],"30":[11,0],"31":[11,0],"32":[11,0],"33":[0,0],"34":[11,0],"35":[11,11],"36":[11,0],"37":[11,0],"38":[1,10],"39":[11,0],"40":[11,0],"41":[11,0],"42":[2,9],"43":[0,0],"44":[0,0],"45":[0,0],"46":[0,0],"47":[0,0],"48":[0,0],"49":[0,0],"50":[0,0],"51":[0,0],"52":[0,0],"53":[0,0],"54":[0,0],"55":[0,0],"56":[21,0],"57":[21,0],"58":[0,0]},"meta":{"lastBranch":59,"lastFunction":32,"lastStatement":104,"seen":{"f:43:9:43:33":0,"s:44:21:44:Infinity":0,"s:45:17:45:Infinity":1,"s:47:45:47:Infinity":2,"s:48:49:48:Infinity":3,"s:50:24:52:Infinity":4,"b:51:6:51:Infinity:52:6:52:Infinity":0,"s:54:26:56:Infinity":5,"b:55:6:55:Infinity:56:6:56:Infinity":1,"s:58:18:58:Infinity":6,"s:59:20:59:Infinity":7,"s:61:2:151:Infinity":8,"b:77:39:77:80:77:80:77:Infinity":2,"b:78:24:78:33:78:33:78:Infinity":3,"f:93:31:93:32":1,"s:93:38:93:Infinity":9,"f:115:31:115:32":2,"s:115:38:115:Infinity":10,"f:145:45:145:51":3,"s:145:51:145:72":11,"f:148:27:148:Infinity":4,"s:149:12:149:Infinity":12,"s:150:12:150:Infinity":13,"f:169:9:169:27":5,"s:170:39:170:Infinity":14,"s:171:15:171:Infinity":15,"b:171:22:171:35:171:39:171:Infinity":4,"s:172:20:172:Infinity":16,"s:173:21:173:Infinity":17,"b:173:28:173:48:173:52:173:Infinity":5,"s:174:17:174:Infinity":18,"s:176:23:178:Infinity":19,"b:177:6:177:Infinity:178:6:178:Infinity":6,"s:180:2:261:Infinity":20,"f:209:29:209:30":6,"s:209:36:209:Infinity":21,"f:216:37:216:Infinity":7,"s:216:37:218:Infinity":22,"b:219:50:219:64:219:64:219:Infinity":7,"f:221:27:221:33":8,"s:221:33:221:Infinity":23,"b:242:36:242:58:242:58:242:Infinity":8,"b:244:37:244:43:244:43:244:46":9,"f:251:45:251:51":9,"s:251:51:251:72":24,"f:256:21:256:Infinity":10,"s:257:14:257:Infinity":25,"s:258:14:258:Infinity":26,"f:269:16:269:Infinity":11,"s:270:43:270:Infinity":27,"b:270:28:270:30":10,"s:271:8:271:Infinity":28,"s:272:47:272:Infinity":29,"s:273:45:273:Infinity":30,"s:274:49:274:Infinity":31,"s:275:55:275:Infinity":32,"s:276:57:276:Infinity":33,"s:277:31:277:Infinity":34,"s:280:8:282:Infinity":35,"f:280:30:280:Infinity":12,"s:281:4:281:Infinity":36,"f:281:30:281:35":13,"s:281:35:281:68":37,"s:285:84:288:Infinity":38,"s:291:23:294:Infinity":39,"f:291:23:291:24":14,"s:292:23:292:Infinity":40,"s:293:4:293:Infinity":41,"b:293:11:293:44:293:44:293:Infinity":11,"s:296:29:305:Infinity":42,"f:296:46:296:47":15,"s:297:22:297:Infinity":43,"s:298:23:298:Infinity":44,"b:298:30:298:43:298:47:298:Infinity":12,"s:299:17:299:Infinity":45,"b:299:24:299:30:299:34:299:Infinity":13,"s:300:19:300:Infinity":46,"b:301:4:303:Infinity:undefined:undefined:undefined:undefined":14,"s:301:4:303:Infinity":47,"s:302:6:302:Infinity":48,"b:302:29:302:63:302:63:302:93":15,"s:304:4:304:Infinity":49,"b:304:24:304:40:304:44:304:Infinity":16,"s:307:27:307:Infinity":50,"f:307:44:307:45":16,"s:307:56:307:91":51,"b:307:69:307:83:307:87:307:91":17,"s:308:24:311:Infinity":52,"f:308:41:308:42":17,"s:309:22:309:Infinity":53,"b:309:22:309:52:309:52:309:Infinity":18,"s:310:4:310:Infinity":54,"s:313:30:336:Infinity":55,"f:313:30:313:37":18,"s:314:4:314:Infinity":56,"f:314:24:314:32":19,"s:314:32:314:Infinity":57,"s:316:4:335:Infinity":58,"s:317:24:320:Infinity":59,"b:322:6:322:Infinity:undefined:undefined:undefined:undefined":19,"s:322:6:322:Infinity":60,"s:322:17:322:Infinity":61,"s:324:6:324:Infinity":62,"s:325:6:325:Infinity":63,"s:327:6:327:Infinity":64,"s:328:6:328:Infinity":65,"s:330:6:334:Infinity":66,"f:330:26:330:Infinity":20,"s:331:21:331:Infinity":67,"s:332:8:332:Infinity":68,"s:333:8:333:Infinity":69,"s:338:28:340:Infinity":70,"f:338:28:338:29":21,"s:339:4:339:Infinity":71,"b:342:2:348:Infinity:undefined:undefined:undefined:undefined":20,"s:342:2:348:Infinity":72,"s:343:4:345:Infinity":73,"s:350:2:667:Infinity":74,"b:379:38:379:60:379:60:379:Infinity":21,"b:381:35:381:76:381:75:381:111":22,"b:393:36:393:58:393:58:393:Infinity":23,"b:395:37:395:43:395:43:395:46":24,"f:413:50:413:51":22,"s:413:57:413:Infinity":75,"b:422:30:427:25:427:12:645:Infinity":25,"b:427:25:551:24:551:24:645:Infinity":26,"f:444:31:444:32":23,"s:445:36:445:Infinity":76,"s:446:37:446:Infinity":77,"b:446:44:446:64:446:68:446:Infinity":27,"s:447:36:447:Infinity":78,"b:447:52:447:64:447:64:447:Infinity":28,"b:447:71:447:90:447:94:447:Infinity":29,"s:448:31:448:Infinity":79,"b:448:38:448:51:448:55:448:Infinity":30,"s:449:33:449:Infinity":80,"s:451:40:453:Infinity":81,"b:452:23:452:Infinity:453:22:453:Infinity":31,"b:452:32:452:66:452:66:452:Infinity":32,"b:453:29:453:52:453:56:453:Infinity":33,"s:455:37:457:Infinity":82,"b:456:22:456:Infinity:457:22:457:Infinity":34,"s:458:36:458:Infinity":83,"s:460:18:461:42":84,"b:465:27:465:Infinity:465:39:466:Infinity":35,"b:476:30:476:Infinity:477:30:477:Infinity":36,"b:479:36:479:45:479:45:479:Infinity":37,"b:487:28:487:85:488:28:488:Infinity":38,"b:493:47:493:69:493:69:493:Infinity":39,"b:495:48:495:54:495:54:495:57":40,"b:497:48:497:54:497:54:497:58":41,"f:509:37:509:Infinity":24,"s:510:30:510:Infinity":85,"s:511:30:511:Infinity":86,"f:521:37:521:Infinity":25,"s:522:30:522:Infinity":87,"s:523:30:523:Infinity":88,"f:533:37:533:43":26,"s:533:43:533:Infinity":89,"b:536:29:539:31:539:30:539:Infinity":42,"f:553:27:553:28":27,"s:554:32:554:Infinity":90,"s:555:33:555:Infinity":91,"b:555:40:555:60:555:64:555:Infinity":43,"s:556:27:556:Infinity":92,"b:556:34:556:47:556:51:556:Infinity":44,"s:557:29:557:Infinity":93,"s:558:36:560:Infinity":94,"b:559:19:559:Infinity:560:18:560:Infinity":45,"b:559:28:559:62:559:62:559:Infinity":46,"b:560:25:560:48:560:52:560:Infinity":47,"s:561:33:563:Infinity":95,"b:562:18:562:Infinity:563:18:563:Infinity":48,"s:564:32:564:Infinity":96,"s:566:14:567:39":97,"b:574:28:574:Infinity:575:28:575:Infinity":49,"b:577:34:577:43:577:43:577:Infinity":50,"b:594:50:594:63:594:63:594:92":51,"b:600:45:600:67:600:67:600:Infinity":52,"b:602:46:602:52:602:52:602:55":53,"b:602:103:602:109:602:109:602:113":54,"f:612:31:612:Infinity":28,"s:613:24:613:Infinity":98,"s:614:24:614:Infinity":99,"f:624:31:624:Infinity":29,"s:625:24:625:Infinity":100,"s:626:24:626:Infinity":101,"f:636:31:636:37":30,"s:636:37:636:Infinity":102,"b:639:23:639:83:639:82:639:108":55,"b:650:7:650:Infinity:650:7:655:Infinity":56,"b:659:7:659:Infinity:659:7:667:Infinity":57,"b:662:21:662:70:662:70:662:Infinity":58,"f:663:19:663:20":31,"s:664:12:664:Infinity":103}}}
,"C:\\Users\\ccana\\Documents\\augment-projects\\akiva-ai-crypto\\src\\components\\risk\\AdvancedRiskDashboard.tsx": {"path":"C:\\Users\\ccana\\Documents\\augment-projects\\akiva-ai-crypto\\src\\components\\risk\\AdvancedRiskDashboard.tsx","statementMap":{"0":{"start":{"line":50,"column":17},"end":{"line":60,"column":null}},"1":{"start":{"line":51,"column":2},"end":{"line":59,"column":null}},"2":{"start":{"line":55,"column":4},"end":{"line":55,"column":17}},"3":{"start":{"line":57,"column":4},"end":{"line":57,"column":null}},"4":{"start":{"line":58,"column":4},"end":{"line":58,"column":null}},"5":{"start":{"line":62,"column":25},"end":{"line":72,"column":null}},"6":{"start":{"line":63,"column":2},"end":{"line":71,"column":null}},"7":{"start":{"line":67,"column":4},"end":{"line":67,"column":null}},"8":{"start":{"line":69,"column":4},"end":{"line":69,"column":null}},"9":{"start":{"line":70,"column":4},"end":{"line":70,"column":null}},"10":{"start":{"line":74,"column":29},"end":{"line":84,"column":null}},"11":{"start":{"line":75,"column":2},"end":{"line":83,"column":null}},"12":{"start":{"line":79,"column":4},"end":{"line":79,"column":null}},"13":{"start":{"line":81,"column":4},"end":{"line":81,"column":null}},"14":{"start":{"line":82,"column":4},"end":{"line":82,"column":null}},"15":{"start":{"line":86,"column":26},"end":{"line":88,"column":null}},"16":{"start":{"line":87,"column":2},"end":{"line":87,"column":null}},"17":{"start":{"line":87,"column":32},"end":{"line":87,"column":null}},"18":{"start":{"line":87,"column":49},"end":{"line":87,"column":65}},"19":{"start":{"line":90,"column":30},"end":{"line":97,"column":null}},"20":{"start":{"line":91,"column":2},"end":{"line":96,"column":null}},"21":{"start":{"line":91,"column":32},"end":{"line":96,"column":null}},"22":{"start":{"line":91,"column":49},"end":{"line":96,"column":6}},"23":{"start":{"line":100,"column":28},"end":{"line":100,"column":null}},"24":{"start":{"line":101,"column":43},"end":{"line":101,"column":null}},"25":{"start":{"line":104,"column":2},"end":{"line":108,"column":null}},"26":{"start":{"line":105,"column":4},"end":{"line":107,"column":null}},"27":{"start":{"line":106,"column":6},"end":{"line":106,"column":null}},"28":{"start":{"line":111,"column":69},"end":{"line":115,"column":null}},"29":{"start":{"line":113,"column":19},"end":{"line":113,"column":null}},"30":{"start":{"line":117,"column":78},"end":{"line":121,"column":null}},"31":{"start":{"line":119,"column":19},"end":{"line":119,"column":null}},"32":{"start":{"line":123,"column":93},"end":{"line":127,"column":null}},"33":{"start":{"line":125,"column":19},"end":{"line":125,"column":null}},"34":{"start":{"line":129,"column":86},"end":{"line":133,"column":null}},"35":{"start":{"line":131,"column":19},"end":{"line":131,"column":null}},"36":{"start":{"line":135,"column":96},"end":{"line":139,"column":null}},"37":{"start":{"line":137,"column":19},"end":{"line":137,"column":null}},"38":{"start":{"line":141,"column":21},"end":{"line":147,"column":null}},"39":{"start":{"line":142,"column":4},"end":{"line":142,"column":null}},"40":{"start":{"line":143,"column":4},"end":{"line":143,"column":null}},"41":{"start":{"line":144,"column":4},"end":{"line":144,"column":null}},"42":{"start":{"line":145,"column":4},"end":{"line":145,"column":null}},"43":{"start":{"line":146,"column":4},"end":{"line":146,"column":null}},"44":{"start":{"line":149,"column":23},"end":{"line":153,"column":null}},"45":{"start":{"line":150,"column":4},"end":{"line":150,"column":null}},"46":{"start":{"line":150,"column":38},"end":{"line":150,"column":null}},"47":{"start":{"line":151,"column":4},"end":{"line":151,"column":null}},"48":{"start":{"line":151,"column":37},"end":{"line":151,"column":null}},"49":{"start":{"line":152,"column":4},"end":{"line":152,"column":null}},"50":{"start":{"line":155,"column":30},"end":{"line":155,"column":null}},"51":{"start":{"line":155,"column":53},"end":{"line":155,"column":null}},"52":{"start":{"line":157,"column":2},"end":{"line":581,"column":null}},"53":{"start":{"line":175,"column":27},"end":{"line":176,"column":44}},"54":{"start":{"line":250,"column":63},"end":{"line":250,"column":77}},"55":{"start":{"line":288,"column":94},"end":{"line":289,"column":41}},"56":{"start":{"line":409,"column":39},"end":{"line":410,"column":58}},"57":{"start":{"line":498,"column":100},"end":{"line":499,"column":45}},"58":{"start":{"line":526,"column":100},"end":{"line":527,"column":44}}},"fnMap":{"0":{"name":"(anonymous_0)","decl":{"start":{"line":50,"column":17},"end":{"line":50,"column":24}},"loc":{"start":{"line":50,"column":24},"end":{"line":60,"column":null}},"line":50},"1":{"name":"(anonymous_1)","decl":{"start":{"line":62,"column":25},"end":{"line":62,"column":32}},"loc":{"start":{"line":62,"column":32},"end":{"line":72,"column":null}},"line":62},"2":{"name":"(anonymous_2)","decl":{"start":{"line":74,"column":29},"end":{"line":74,"column":36}},"loc":{"start":{"line":74,"column":36},"end":{"line":84,"column":null}},"line":74},"3":{"name":"(anonymous_3)","decl":{"start":{"line":86,"column":26},"end":{"line":86,"column":33}},"loc":{"start":{"line":86,"column":33},"end":{"line":88,"column":null}},"line":86},"4":{"name":"(anonymous_4)","decl":{"start":{"line":87,"column":21},"end":{"line":87,"column":32}},"loc":{"start":{"line":87,"column":32},"end":{"line":87,"column":null}},"line":87},"5":{"name":"(anonymous_5)","decl":{"start":{"line":87,"column":43},"end":{"line":87,"column":49}},"loc":{"start":{"line":87,"column":49},"end":{"line":87,"column":65}},"line":87},"6":{"name":"(anonymous_6)","decl":{"start":{"line":90,"column":30},"end":{"line":90,"column":37}},"loc":{"start":{"line":90,"column":37},"end":{"line":97,"column":null}},"line":90},"7":{"name":"(anonymous_7)","decl":{"start":{"line":91,"column":21},"end":{"line":91,"column":32}},"loc":{"start":{"line":91,"column":32},"end":{"line":96,"column":null}},"line":91},"8":{"name":"(anonymous_8)","decl":{"start":{"line":91,"column":43},"end":{"line":91,"column":49}},"loc":{"start":{"line":91,"column":49},"end":{"line":96,"column":6}},"line":91},"9":{"name":"AdvancedRiskDashboard","decl":{"start":{"line":99,"column":24},"end":{"line":99,"column":null}},"loc":{"start":{"line":99,"column":24},"end":{"line":594,"column":null}},"line":99},"10":{"name":"(anonymous_10)","decl":{"start":{"line":104,"column":12},"end":{"line":104,"column":null}},"loc":{"start":{"line":104,"column":12},"end":{"line":108,"column":5}},"line":104},"11":{"name":"(anonymous_11)","decl":{"start":{"line":113,"column":13},"end":{"line":113,"column":19}},"loc":{"start":{"line":113,"column":19},"end":{"line":113,"column":null}},"line":113},"12":{"name":"(anonymous_12)","decl":{"start":{"line":119,"column":13},"end":{"line":119,"column":19}},"loc":{"start":{"line":119,"column":19},"end":{"line":119,"column":null}},"line":119},"13":{"name":"(anonymous_13)","decl":{"start":{"line":125,"column":13},"end":{"line":125,"column":19}},"loc":{"start":{"line":125,"column":19},"end":{"line":125,"column":null}},"line":125},"14":{"name":"(anonymous_14)","decl":{"start":{"line":131,"column":13},"end":{"line":131,"column":19}},"loc":{"start":{"line":131,"column":19},"end":{"line":131,"column":null}},"line":131},"15":{"name":"(anonymous_15)","decl":{"start":{"line":137,"column":13},"end":{"line":137,"column":19}},"loc":{"start":{"line":137,"column":19},"end":{"line":137,"column":null}},"line":137},"16":{"name":"(anonymous_16)","decl":{"start":{"line":141,"column":21},"end":{"line":141,"column":null}},"loc":{"start":{"line":141,"column":21},"end":{"line":147,"column":null}},"line":141},"17":{"name":"(anonymous_17)","decl":{"start":{"line":149,"column":23},"end":{"line":149,"column":24}},"loc":{"start":{"line":149,"column":39},"end":{"line":153,"column":null}},"line":149},"18":{"name":"(anonymous_18)","decl":{"start":{"line":155,"column":30},"end":{"line":155,"column":31}},"loc":{"start":{"line":155,"column":53},"end":{"line":155,"column":null}},"line":155},"19":{"name":"(anonymous_19)","decl":{"start":{"line":175,"column":27},"end":{"line":175,"column":null}},"loc":{"start":{"line":175,"column":27},"end":{"line":176,"column":44}},"line":175},"20":{"name":"(anonymous_20)","decl":{"start":{"line":250,"column":56},"end":{"line":250,"column":57}},"loc":{"start":{"line":250,"column":63},"end":{"line":250,"column":77}},"line":250},"21":{"name":"(anonymous_21)","decl":{"start":{"line":288,"column":80},"end":{"line":288,"column":81}},"loc":{"start":{"line":288,"column":94},"end":{"line":289,"column":41}},"line":288},"22":{"name":"(anonymous_22)","decl":{"start":{"line":409,"column":38},"end":{"line":409,"column":39}},"loc":{"start":{"line":409,"column":39},"end":{"line":410,"column":58}},"line":409},"23":{"name":"(anonymous_23)","decl":{"start":{"line":498,"column":83},"end":{"line":498,"column":84}},"loc":{"start":{"line":498,"column":100},"end":{"line":499,"column":45}},"line":498},"24":{"name":"(anonymous_24)","decl":{"start":{"line":526,"column":82},"end":{"line":526,"column":83}},"loc":{"start":{"line":526,"column":100},"end":{"line":527,"column":44}},"line":526}},"branchMap":{"0":{"loc":{"start":{"line":100,"column":16},"end":{"line":100,"column":26}},"type":"default-arg","locations":[{"start":{"line":100,"column":24},"end":{"line":100,"column":26}}],"line":100},"1":{"loc":{"start":{"line":105,"column":4},"end":{"line":107,"column":null}},"type":"if","locations":[{"start":{"line":105,"column":4},"end":{"line":107,"column":null}},{"start":{},"end":{}}],"line":105},"2":{"loc":{"start":{"line":105,"column":8},"end":{"line":105,"column":45}},"type":"binary-expr","locations":[{"start":{"line":105,"column":8},"end":{"line":105,"column":28}},{"start":{"line":105,"column":28},"end":{"line":105,"column":45}}],"line":105},"3":{"loc":{"start":{"line":150,"column":4},"end":{"line":150,"column":null}},"type":"if","locations":[{"start":{"line":150,"column":4},"end":{"line":150,"column":null}},{"start":{},"end":{}}],"line":150},"4":{"loc":{"start":{"line":151,"column":4},"end":{"line":151,"column":null}},"type":"if","locations":[{"start":{"line":151,"column":4},"end":{"line":151,"column":null}},{"start":{},"end":{}}],"line":151},"5":{"loc":{"start":{"line":155,"column":53},"end":{"line":155,"column":null}},"type":"cond-expr","locations":[{"start":{"line":155,"column":64},"end":{"line":155,"column":89}},{"start":{"line":155,"column":89},"end":{"line":155,"column":null}}],"line":155},"6":{"loc":{"start":{"line":187,"column":9},"end":{"line":581,"column":null}},"type":"cond-expr","locations":[{"start":{"line":187,"column":10},"end":{"line":194,"column":11}},{"start":{"line":194,"column":10},"end":{"line":581,"column":null}}],"line":187},"7":{"loc":{"start":{"line":212,"column":21},"end":{"line":216,"column":null}},"type":"cond-expr","locations":[{"start":{"line":212,"column":21},"end":{"line":215,"column":23}},{"start":{"line":215,"column":22},"end":{"line":216,"column":null}}],"line":212},"8":{"loc":{"start":{"line":216,"column":26},"end":{"line":216,"column":78}},"type":"cond-expr","locations":[{"start":{"line":216,"column":36},"end":{"line":216,"column":72}},{"start":{"line":216,"column":72},"end":{"line":216,"column":78}}],"line":216},"9":{"loc":{"start":{"line":229,"column":21},"end":{"line":233,"column":null}},"type":"cond-expr","locations":[{"start":{"line":229,"column":21},"end":{"line":232,"column":23}},{"start":{"line":232,"column":22},"end":{"line":233,"column":null}}],"line":229},"10":{"loc":{"start":{"line":233,"column":26},"end":{"line":233,"column":81}},"type":"cond-expr","locations":[{"start":{"line":233,"column":41},"end":{"line":233,"column":75}},{"start":{"line":233,"column":75},"end":{"line":233,"column":81}}],"line":233},"11":{"loc":{"start":{"line":246,"column":21},"end":{"line":250,"column":null}},"type":"cond-expr","locations":[{"start":{"line":246,"column":21},"end":{"line":249,"column":23}},{"start":{"line":249,"column":22},"end":{"line":250,"column":null}}],"line":246},"12":{"loc":{"start":{"line":250,"column":25},"end":{"line":250,"column":null}},"type":"cond-expr","locations":[{"start":{"line":250,"column":38},"end":{"line":250,"column":85}},{"start":{"line":250,"column":88},"end":{"line":250,"column":null}}],"line":250},"13":{"loc":{"start":{"line":263,"column":21},"end":{"line":267,"column":null}},"type":"cond-expr","locations":[{"start":{"line":263,"column":21},"end":{"line":266,"column":23}},{"start":{"line":266,"column":22},"end":{"line":267,"column":null}}],"line":263},"14":{"loc":{"start":{"line":267,"column":25},"end":{"line":267,"column":128}},"type":"cond-expr","locations":[{"start":{"line":267,"column":43},"end":{"line":267,"column":126}},{"start":{"line":267,"column":126},"end":{"line":267,"column":128}}],"line":267},"15":{"loc":{"start":{"line":282,"column":19},"end":{"line":289,"column":41}},"type":"cond-expr","locations":[{"start":{"line":282,"column":19},"end":{"line":287,"column":21}},{"start":{"line":287,"column":20},"end":{"line":289,"column":41}}],"line":282},"16":{"loc":{"start":{"line":288,"column":23},"end":{"line":289,"column":41}},"type":"binary-expr","locations":[{"start":{"line":288,"column":23},"end":{"line":288,"column":43}},{"start":{"line":288,"column":43},"end":{"line":289,"column":41}}],"line":288},"17":{"loc":{"start":{"line":301,"column":32},"end":{"line":302,"column":null}},"type":"cond-expr","locations":[{"start":{"line":301,"column":62},"end":{"line":301,"column":null}},{"start":{"line":302,"column":32},"end":{"line":302,"column":null}}],"line":301},"18":{"loc":{"start":{"line":302,"column":32},"end":{"line":302,"column":null}},"type":"cond-expr","locations":[{"start":{"line":302,"column":62},"end":{"line":302,"column":85}},{"start":{"line":302,"column":85},"end":{"line":302,"column":null}}],"line":302},"19":{"loc":{"start":{"line":307,"column":37},"end":{"line":307,"column":null}},"type":"cond-expr","locations":[{"start":{"line":307,"column":61},"end":{"line":307,"column":77}},{"start":{"line":307,"column":77},"end":{"line":307,"column":null}}],"line":307},"20":{"loc":{"start":{"line":307,"column":77},"end":{"line":307,"column":null}},"type":"cond-expr","locations":[{"start":{"line":307,"column":102},"end":{"line":307,"column":114}},{"start":{"line":307,"column":114},"end":{"line":307,"column":null}}],"line":307},"21":{"loc":{"start":{"line":327,"column":19},"end":{"line":388,"column":null}},"type":"cond-expr","locations":[{"start":{"line":327,"column":19},"end":{"line":331,"column":null}},{"start":{"line":331,"column":22},"end":{"line":388,"column":null}}],"line":327},"22":{"loc":{"start":{"line":331,"column":22},"end":{"line":388,"column":null}},"type":"cond-expr","locations":[{"start":{"line":331,"column":22},"end":{"line":388,"column":21}},{"start":{"line":388,"column":20},"end":{"line":388,"column":null}}],"line":331},"23":{"loc":{"start":{"line":403,"column":19},"end":{"line":460,"column":null}},"type":"cond-expr","locations":[{"start":{"line":403,"column":19},"end":{"line":407,"column":null}},{"start":{"line":407,"column":22},"end":{"line":460,"column":null}}],"line":403},"24":{"loc":{"start":{"line":407,"column":22},"end":{"line":460,"column":null}},"type":"cond-expr","locations":[{"start":{"line":407,"column":22},"end":{"line":460,"column":21}},{"start":{"line":460,"column":20},"end":{"line":460,"column":null}}],"line":407},"25":{"loc":{"start":{"line":416,"column":37},"end":{"line":416,"column":null}},"type":"cond-expr","locations":[{"start":{"line":416,"column":61},"end":{"line":416,"column":78}},{"start":{"line":416,"column":78},"end":{"line":416,"column":null}}],"line":416},"26":{"loc":{"start":{"line":425,"column":32},"end":{"line":425,"column":null}},"type":"cond-expr","locations":[{"start":{"line":425,"column":65},"end":{"line":425,"column":82}},{"start":{"line":425,"column":82},"end":{"line":425,"column":null}}],"line":425},"27":{"loc":{"start":{"line":476,"column":21},"end":{"line":507,"column":null}},"type":"cond-expr","locations":[{"start":{"line":476,"column":21},"end":{"line":480,"column":null}},{"start":{"line":480,"column":24},"end":{"line":507,"column":null}}],"line":476},"28":{"loc":{"start":{"line":480,"column":24},"end":{"line":507,"column":null}},"type":"cond-expr","locations":[{"start":{"line":480,"column":24},"end":{"line":507,"column":23}},{"start":{"line":507,"column":22},"end":{"line":507,"column":null}}],"line":480},"29":{"loc":{"start":{"line":520,"column":21},"end":{"line":537,"column":null}},"type":"cond-expr","locations":[{"start":{"line":520,"column":21},"end":{"line":524,"column":null}},{"start":{"line":524,"column":24},"end":{"line":537,"column":null}}],"line":520},"30":{"loc":{"start":{"line":524,"column":24},"end":{"line":537,"column":null}},"type":"cond-expr","locations":[{"start":{"line":524,"column":24},"end":{"line":537,"column":23}},{"start":{"line":537,"column":22},"end":{"line":537,"column":null}}],"line":524},"31":{"loc":{"start":{"line":556,"column":23},"end":{"line":560,"column":null}},"type":"cond-expr","locations":[{"start":{"line":556,"column":23},"end":{"line":559,"column":25}},{"start":{"line":559,"column":24},"end":{"line":560,"column":null}}],"line":556},"32":{"loc":{"start":{"line":560,"column":28},"end":{"line":560,"column":84}},"type":"cond-expr","locations":[{"start":{"line":560,"column":43},"end":{"line":560,"column":77}},{"start":{"line":560,"column":77},"end":{"line":560,"column":84}}],"line":560}},"s":{"0":1,"1":0,"2":0,"3":0,"4":0,"5":1,"6":0,"7":0,"8":0,"9":0,"10":1,"11":0,"12":0,"13":0,"14":0,"15":1,"16":0,"17":0,"18":0,"19":1,"20":0,"21":0,"22":0,"23":2,"24":2,"25":2,"26":2,"27":0,"28":2,"29":0,"30":2,"31":0,"32":2,"33":0,"34":2,"35":0,"36":2,"37":0,"38":2,"39":0,"40":0,"41":0,"42":0,"43":0,"44":2,"45":0,"46":0,"47":0,"48":0,"49":0,"50":2,"51":0,"52":2,"53":0,"54":0,"55":0,"56":0,"57":0,"58":0},"f":{"0":0,"1":0,"2":0,"3":0,"4":0,"5":0,"6":0,"7":0,"8":0,"9":2,"10":2,"11":0,"12":0,"13":0,"14":0,"15":0,"16":0,"17":0,"18":0,"19":0,"20":0,"21":0,"22":0,"23":0,"24":0},"b":{"0":[2],"1":[0,2],"2":[2,0],"3":[0,0],"4":[0,0],"5":[0,0],"6":[2,0],"7":[0,0],"8":[0,0],"9":[0,0],"10":[0,0],"11":[0,0],"12":[0,0],"13":[0,0],"14":[0,0],"15":[0,0],"16":[0,0],"17":[0,0],"18":[0,0],"19":[0,0],"20":[0,0],"21":[0,0],"22":[0,0],"23":[0,0],"24":[0,0],"25":[0,0],"26":[0,0],"27":[0,0],"28":[0,0],"29":[0,0],"30":[0,0],"31":[0,0],"32":[0,0]},"meta":{"lastBranch":33,"lastFunction":25,"lastStatement":59,"seen":{"s:50:17:60:Infinity":0,"f:50:17:50:24":0,"s:51:2:59:Infinity":1,"s:55:4:55:17":2,"s:57:4:57:Infinity":3,"s:58:4:58:Infinity":4,"s:62:25:72:Infinity":5,"f:62:25:62:32":1,"s:63:2:71:Infinity":6,"s:67:4:67:Infinity":7,"s:69:4:69:Infinity":8,"s:70:4:70:Infinity":9,"s:74:29:84:Infinity":10,"f:74:29:74:36":2,"s:75:2:83:Infinity":11,"s:79:4:79:Infinity":12,"s:81:4:81:Infinity":13,"s:82:4:82:Infinity":14,"s:86:26:88:Infinity":15,"f:86:26:86:33":3,"s:87:2:87:Infinity":16,"f:87:21:87:32":4,"s:87:32:87:Infinity":17,"f:87:43:87:49":5,"s:87:49:87:65":18,"s:90:30:97:Infinity":19,"f:90:30:90:37":6,"s:91:2:96:Infinity":20,"f:91:21:91:32":7,"s:91:32:96:Infinity":21,"f:91:43:91:49":8,"s:91:49:96:6":22,"f:99:24:99:Infinity":9,"s:100:28:100:Infinity":23,"b:100:24:100:26":0,"s:101:43:101:Infinity":24,"s:104:2:108:Infinity":25,"f:104:12:104:Infinity":10,"b:105:4:107:Infinity:undefined:undefined:undefined:undefined":1,"s:105:4:107:Infinity":26,"b:105:8:105:28:105:28:105:45":2,"s:106:6:106:Infinity":27,"s:111:69:115:Infinity":28,"f:113:13:113:19":11,"s:113:19:113:Infinity":29,"s:117:78:121:Infinity":30,"f:119:13:119:19":12,"s:119:19:119:Infinity":31,"s:123:93:127:Infinity":32,"f:125:13:125:19":13,"s:125:19:125:Infinity":33,"s:129:86:133:Infinity":34,"f:131:13:131:19":14,"s:131:19:131:Infinity":35,"s:135:96:139:Infinity":36,"f:137:13:137:19":15,"s:137:19:137:Infinity":37,"s:141:21:147:Infinity":38,"f:141:21:141:Infinity":16,"s:142:4:142:Infinity":39,"s:143:4:143:Infinity":40,"s:144:4:144:Infinity":41,"s:145:4:145:Infinity":42,"s:146:4:146:Infinity":43,"s:149:23:153:Infinity":44,"f:149:23:149:24":17,"b:150:4:150:Infinity:undefined:undefined:undefined:undefined":3,"s:150:4:150:Infinity":45,"s:150:38:150:Infinity":46,"b:151:4:151:Infinity:undefined:undefined:undefined:undefined":4,"s:151:4:151:Infinity":47,"s:151:37:151:Infinity":48,"s:152:4:152:Infinity":49,"s:155:30:155:Infinity":50,"f:155:30:155:31":18,"s:155:53:155:Infinity":51,"b:155:64:155:89:155:89:155:Infinity":5,"s:157:2:581:Infinity":52,"f:175:27:175:Infinity":19,"s:175:27:176:44":53,"b:187:10:194:11:194:10:581:Infinity":6,"b:212:21:215:23:215:22:216:Infinity":7,"b:216:36:216:72:216:72:216:78":8,"b:229:21:232:23:232:22:233:Infinity":9,"b:233:41:233:75:233:75:233:81":10,"b:246:21:249:23:249:22:250:Infinity":11,"b:250:38:250:85:250:88:250:Infinity":12,"f:250:56:250:57":20,"s:250:63:250:77":54,"b:263:21:266:23:266:22:267:Infinity":13,"b:267:43:267:126:267:126:267:128":14,"b:282:19:287:21:287:20:289:41":15,"b:288:23:288:43:288:43:289:41":16,"f:288:80:288:81":21,"s:288:94:289:41":55,"b:301:62:301:Infinity:302:32:302:Infinity":17,"b:302:62:302:85:302:85:302:Infinity":18,"b:307:61:307:77:307:77:307:Infinity":19,"b:307:102:307:114:307:114:307:Infinity":20,"b:327:19:331:Infinity:331:22:388:Infinity":21,"b:331:22:388:21:388:20:388:Infinity":22,"b:403:19:407:Infinity:407:22:460:Infinity":23,"b:407:22:460:21:460:20:460:Infinity":24,"f:409:38:409:39":22,"s:409:39:410:58":56,"b:416:61:416:78:416:78:416:Infinity":25,"b:425:65:425:82:425:82:425:Infinity":26,"b:476:21:480:Infinity:480:24:507:Infinity":27,"b:480:24:507:23:507:22:507:Infinity":28,"f:498:83:498:84":23,"s:498:100:499:45":57,"b:520:21:524:Infinity:524:24:537:Infinity":29,"b:524:24:537:23:537:22:537:Infinity":30,"f:526:82:526:83":24,"s:526:100:527:44":58,"b:556:23:559:25:559:24:560:Infinity":31,"b:560:43:560:77:560:77:560:84":32}}}
,"C:\\Users\\ccana\\Documents\\augment-projects\\akiva-ai-crypto\\src\\components\\risk\\KillSwitchPanel.tsx": {"path":"C:\\Users\\ccana\\Documents\\augment-projects\\akiva-ai-crypto\\src\\components\\risk\\KillSwitchPanel.tsx","statementMap":{"0":{"start":{"line":35,"column":8},"end":{"line":35,"column":null}},"1":{"start":{"line":36,"column":41},"end":{"line":36,"column":null}},"2":{"start":{"line":37,"column":33},"end":{"line":37,"column":null}},"3":{"start":{"line":38,"column":41},"end":{"line":38,"column":null}},"4":{"start":{"line":41,"column":37},"end":{"line":50,"column":null}},"5":{"start":{"line":44,"column":23},"end":{"line":47,"column":null}},"6":{"start":{"line":48,"column":6},"end":{"line":48,"column":null}},"7":{"start":{"line":53,"column":28},"end":{"line":59,"column":null}},"8":{"start":{"line":56,"column":23},"end":{"line":56,"column":null}},"9":{"start":{"line":57,"column":6},"end":{"line":57,"column":null}},"10":{"start":{"line":62,"column":28},"end":{"line":93,"column":null}},"11":{"start":{"line":63,"column":22},"end":{"line":69,"column":null}},"12":{"start":{"line":71,"column":4},"end":{"line":71,"column":null}},"13":{"start":{"line":71,"column":15},"end":{"line":71,"column":null}},"14":{"start":{"line":74,"column":4},"end":{"line":78,"column":null}},"15":{"start":{"line":81,"column":4},"end":{"line":86,"column":null}},"16":{"start":{"line":88,"column":4},"end":{"line":90,"column":null}},"17":{"start":{"line":92,"column":4},"end":{"line":92,"column":null}},"18":{"start":{"line":96,"column":30},"end":{"line":100,"column":null}},"19":{"start":{"line":97,"column":4},"end":{"line":97,"column":null}},"20":{"start":{"line":98,"column":4},"end":{"line":98,"column":null}},"21":{"start":{"line":99,"column":4},"end":{"line":99,"column":null}},"22":{"start":{"line":103,"column":27},"end":{"line":108,"column":null}},"23":{"start":{"line":104,"column":4},"end":{"line":107,"column":null}},"24":{"start":{"line":105,"column":6},"end":{"line":105,"column":null}},"25":{"start":{"line":106,"column":6},"end":{"line":106,"column":null}},"26":{"start":{"line":111,"column":8},"end":{"line":123,"column":null}},"27":{"start":{"line":113,"column":24},"end":{"line":116,"column":null}},"28":{"start":{"line":117,"column":6},"end":{"line":117,"column":null}},"29":{"start":{"line":117,"column":17},"end":{"line":117,"column":null}},"30":{"start":{"line":120,"column":6},"end":{"line":120,"column":null}},"31":{"start":{"line":121,"column":6},"end":{"line":121,"column":null}},"32":{"start":{"line":126,"column":8},"end":{"line":138,"column":null}},"33":{"start":{"line":128,"column":24},"end":{"line":131,"column":null}},"34":{"start":{"line":132,"column":6},"end":{"line":132,"column":null}},"35":{"start":{"line":132,"column":17},"end":{"line":132,"column":null}},"36":{"start":{"line":135,"column":6},"end":{"line":135,"column":null}},"37":{"start":{"line":136,"column":6},"end":{"line":136,"column":null}},"38":{"start":{"line":141,"column":8},"end":{"line":152,"column":null}},"39":{"start":{"line":143,"column":24},"end":{"line":146,"column":null}},"40":{"start":{"line":147,"column":6},"end":{"line":147,"column":null}},"41":{"start":{"line":147,"column":17},"end":{"line":147,"column":null}},"42":{"start":{"line":150,"column":6},"end":{"line":150,"column":null}},"43":{"start":{"line":154,"column":27},"end":{"line":154,"column":null}},"44":{"start":{"line":156,"column":2},"end":{"line":377,"column":null}},"45":{"start":{"line":283,"column":44},"end":{"line":283,"column":null}},"46":{"start":{"line":299,"column":44},"end":{"line":299,"column":null}},"47":{"start":{"line":335,"column":31},"end":{"line":335,"column":null}},"48":{"start":{"line":336,"column":14},"end":{"line":338,"column":null}},"49":{"start":{"line":358,"column":35},"end":{"line":358,"column":null}}},"fnMap":{"0":{"name":"KillSwitchPanel","decl":{"start":{"line":34,"column":16},"end":{"line":34,"column":null}},"loc":{"start":{"line":34,"column":16},"end":{"line":384,"column":null}},"line":34},"1":{"name":"(anonymous_1)","decl":{"start":{"line":43,"column":13},"end":{"line":43,"column":null}},"loc":{"start":{"line":43,"column":13},"end":{"line":49,"column":null}},"line":43},"2":{"name":"(anonymous_2)","decl":{"start":{"line":55,"column":13},"end":{"line":55,"column":null}},"loc":{"start":{"line":55,"column":13},"end":{"line":58,"column":null}},"line":55},"3":{"name":"(anonymous_3)","decl":{"start":{"line":62,"column":28},"end":{"line":62,"column":35}},"loc":{"start":{"line":62,"column":35},"end":{"line":93,"column":null}},"line":62},"4":{"name":"(anonymous_4)","decl":{"start":{"line":96,"column":30},"end":{"line":96,"column":null}},"loc":{"start":{"line":96,"column":30},"end":{"line":100,"column":null}},"line":96},"5":{"name":"(anonymous_5)","decl":{"start":{"line":103,"column":27},"end":{"line":103,"column":null}},"loc":{"start":{"line":103,"column":27},"end":{"line":108,"column":null}},"line":103},"6":{"name":"(anonymous_6)","decl":{"start":{"line":112,"column":16},"end":{"line":112,"column":23}},"loc":{"start":{"line":112,"column":23},"end":{"line":118,"column":null}},"line":112},"7":{"name":"(anonymous_7)","decl":{"start":{"line":119,"column":15},"end":{"line":119,"column":16}},"loc":{"start":{"line":119,"column":19},"end":{"line":122,"column":null}},"line":119},"8":{"name":"(anonymous_8)","decl":{"start":{"line":127,"column":16},"end":{"line":127,"column":23}},"loc":{"start
[...]
,"C:\\Users\\ccana\\Documents\\augment-projects\\akiva-ai-crypto\\src\\components\\ui\\tooltip.tsx": {"path":"C:\\Users\\ccana\\Documents\\augment-projects\\akiva-ai-crypto\\src\\components\\ui\\tooltip.tsx","statementMap":{"0":{"start":{"line":6,"column":24},"end":{"line":6,"column":49}},"1":{"start":{"line":8,"column":16},"end":{"line":8,"column":37}},"2":{"start":{"line":10,"column":23},"end":{"line":10,"column":47}},"3":{"start":{"line":12,"column":23},"end":{"line":23,"column":null}},"4":{"start":{"line":15,"column":44},"end":{"line":23,"column":null}},"5":{"start":{"line":26,"column":0},"end":{"line":26,"column":null}}},"fnMap":{"0":{"name":"(anonymous_0)","decl":{"start":{"line":15,"column":2},"end":{"line":15,"column":3}},"loc":{"start":{"line":15,"column":44},"end":{"line":23,"column":null}},"line":15}},"branchMap":{"0":{"loc":{"start":{"line":15,"column":16},"end":{"line":15,"column":30}},"type":"default-arg","locations":[{"start":{"line":15,"column":29},"end":{"line":15,"column":30}}],"line":15}},"s":{"0":1,"1":1,"2":1,"3":1,"4":12,"5":1},"f":{"0":12},"b":{"0":[12]},"meta":{"lastBranch":1,"lastFunction":1,"lastStatement":6,"seen":{"s:6:24:6:49":0,"s:8:16:8:37":1,"s:10:23:10:47":2,"s:12:23:23:Infinity":3,"f:15:2:15:3":0,"s:15:44:23:Infinity":4,"b:15:29:15:30":0,"s:26:0:26:Infinity":5}}}
,"C:\\Users\\ccana\\Documents\\augment-projects\\akiva-ai-crypto\\src\\hooks\\usePositions.ts": {"path":"C:\\Users\\ccana\\Documents\\augment-projects\\akiva-ai-crypto\\src\\hooks\\usePositions.ts","statementMap":{"0":{"start":{"line":9,"column":8},"end":{"line":21,"column":null}},"1":{"start":{"line":12,"column":30},"end":{"line":16,"column":null}},"2":{"start":{"line":18,"column":6},"end":{"line":18,"column":null}},"3":{"start":{"line":18,"column":17},"end":{"line":18,"column":null}},"4":{"start":{"line":19,"column":6},"end":{"line":19,"column":null}},"5":{"start":{"line":24,"column":2},"end":{"line":43,"column":null}},"6":{"start":{"line":25,"column":20},"end":{"line":38,"column":null}},"7":{"start":{"line":35,"column":10},"end":{"line":35,"column":null}},"8":{"start":{"line":40,"column":4},"end":{"line":42,"column":null}},"9":{"start":{"line":41,"column":6},"end":{"line":41,"column":null}},"10":{"start":{"line":45,"column":2},"end":{"line":45,"column":null}}},"fnMap":{"0":{"name":"usePositions","decl":{"start":{"line":8,"column":16},"end":{"line":8,"column":null}},"loc":{"start":{"line":8,"column":16},"end":{"line":46,"column":null}},"line":8},"1":{"name":"(anonymous_1)","decl":{"start":{"line":11,"column":13},"end":{"line":11,"column":null}},"loc":{"start":{"line":11,"column":13},"end":{"line":20,"column":null}},"line":11},"2":{"name":"(anonymous_2)","decl":{"start":{"line":24,"column":12},"end":{"line":24,"column":null}},"loc":{"start":{"line":24,"column":12},"end":{"line":43,"column":5}},"line":24},"3":{"name":"(anonymous_3)","decl":{"start":{"line":34,"column":8},"end":{"line":34,"column":null}},"loc":{"start":{"line":34,"column":8},"end":{"line":36,"column":null}},"line":34},"4":{"name":"(anonymous_4)","decl":{"start":{"line":40,"column":11},"end":{"line":40,"column":null}},"loc":{"start":{"line":40,"column":11},"end":{"line":42,"column":null}},"line":40}},"branchMap":{"0":{"loc":{"start":{"line":18,"column":6},"end":{"line":18,"column":null}},"type":"if","locations":[{"start":{"line":18,"column":6},"end":{"line":18,"column":null}},{"start":{},"end":{}}],"line":18}},"s":{"0":21,"1":10,"2":10,"3":0,"4":10,"5":21,"6":20,"7":0,"8":20,"9":20,"10":21},"f":{"0":21,"1":10,"2":20,"3":0,"4":20},"b":{"0":[0,10]},"meta":{"lastBranch":1,"lastFunction":5,"lastStatement":11,"seen":{"f:8:16:8:Infinity":0,"s:9:8:21:Infinity":0,"f:11:13:11:Infinity":1,"s:12:30:16:Infinity":1,"b:18:6:18:Infinity:undefined:undefined:undefined:undefined":0,"s:18:6:18:Infinity":2,"s:18:17:18:Infinity":3,"s:19:6:19:Infinity":4,"s:24:2:43:Infinity":5,"f:24:12:24:Infinity":2,"s:25:20:38:Infinity":6,"f:34:8:34:Infinity":3,"s:35:10:35:Infinity":7,"s:40:4:42:Infinity":8,"f:40:11:40:Infinity":4,"s:41:6:41:Infinity":9,"s:45:2:45:Infinity":10}}}
,"C:\\Users\\ccana\\Documents\\augment-projects\\akiva-ai-crypto\\src\\lib\\tradingGate.ts": {"path":"C:\\Users\\ccana\\Documents\\augment-projects\\akiva-ai-crypto\\src\\lib\\tradingGate.ts","statementMap":{"0":{"start":{"line":57,"column":2},"end":{"line":69,"column":null}},"1":{"start":{"line":60,"column":6},"end":{"line":60,"column":null}},"2":{"start":{"line":62,"column":6},"end":{"line":62,"column":32}},"3":{"start":{"line":64,"column":6},"end":{"line":64,"column":null}},"4":{"start":{"line":66,"column":6},"end":{"line":66,"column":null}},"5":{"start":{"line":68,"column":6},"end":{"line":68,"column":null}},"6":{"start":{"line":76,"column":2},"end":{"line":78,"column":null}},"7":{"start":{"line":77,"column":4},"end":{"line":77,"column":null}},"8":{"start":{"line":79,"column":2},"end":{"line":81,"column":null}},"9":{"start":{"line":80,"column":4},"end":{"line":80,"column":null}},"10":{"start":{"line":82,"column":2},"end":{"line":82,"column":null}},"11":{"start":{"line":89,"column":2},"end":{"line":100,"column":null}},"12":{"start":{"line":91,"column":6},"end":{"line":91,"column":null}},"13":{"start":{"line":93,"column":6},"end":{"line":93,"column":null}},"14":{"start":{"line":95,"column":6},"end":{"line":95,"column":32}},"15":{"start":{"line":97,"column":6},"end":{"line":97,"column":null}},"16":{"start":{"line":99,"column":6},"end":{"line":99,"column":null}},"17":{"start":{"line":111,"column":2},"end":{"line":113,"column":null}},"18":{"start":{"line":112,"column":4},"end":{"line":112,"column":18}},"19":{"start":{"line":116,"column":2},"end":{"line":116,"column":null}},"20":{"start":{"line":131,"column":96},"end":{"line":131,"column":null}},"21":{"start":{"line":133,"column":23},"end":{"line":133,"column":null}},"22":{"start":{"line":136,"column":2},"end":{"line":143,"column":null}},"23":{"start":{"line":137,"column":4},"end":{"line":142,"column":null}},"24":{"start":{"line":146,"column":20},"end":{"line":146,"column":null}},"25":{"start":{"line":147,"column":2},"end":{"line":154,"column":null}},"26":{"start":{"line":148,"column":4},"end":{"line":153,"column":null}},"27":{"start":{"line":157,"column":21},"end":{"line":157,"column":null}},"28":{"start":{"line":159,"column":2},"end":{"line":168,"column":null}},"29":{"start":{"line":160,"column":4},"end":{"line":167,"column":null}},"30":{"start":{"line":161,"column":6},"end":{"line":166,"column":null}},"31":{"start":{"line":171,"column":2},"end":{"line":178,"column":null}},"32":{"start":{"line":172,"column":4},"end":{"line":177,"column":null}},"33":{"start":{"line":180,"column":2},"end":{"line":184,"column":null}},"34":{"start":{"line":191,"column":2},"end":{"line":193,"column":null}},"35":{"start":{"line":192,"column":4},"end":{"line":192,"column":17}},"36":{"start":{"line":194,"column":2},"end":{"line":194,"column":null}},"37":{"start":{"line":205,"column":51},"end":{"line":205,"column":null}},"38":{"start":{"line":207,"column":28},"end":{"line":207,"column":null}},"39":{"start":{"line":208,"column":22},"end":{"line":208,"column":null}},"40":{"start":{"line":210,"column":2},"end":{"line":217,"column":null}},"41":{"start":{"line":211,"column":4},"end":{"line":216,"column":null}},"42":{"start":{"line":219,"column":2},"end":{"line":223,"column":null}},"43":{"start":{"line":240,"column":21},"end":{"line":240,"column":null}},"44":{"start":{"line":241,"column":2},"end":{"line":247,"column":null}},"45":{"start":{"line":242,"column":4},"end":{"line":246,"column":null}},"46":{"start":{"line":250,"column":19},"end":{"line":250,"column":null}},"47":{"start":{"line":251,"column":2},"end":{"line":257,"column":null}},"48":{"start":{"line":252,"column":4},"end":{"line":256,"column":null}},"49":{"start":{"line":260,"column":21},"end":{"line":260,"column":null}},"50":{"start":{"line":261,"column":2},"end":{"line":275,"column":null}},"51":{"start":{"line":262,"column":27},"end":{"line":266,"column":null}},"52":{"start":{"line":268,"column":4},"end":{"line":274,"column":null}},"53":{"start":{"line":269,"column":6},"end":{"line":273,"column":null}},"54":{"start":{"line":277,"column":2},"end":{"line":280,"column":null}}},"fnMap":{"0":{"name":"isDataQualityTradeable","decl":{"start":{"line":56,"column":16},"end":{"line":56,"column":39}},"loc":{"start":{"line":56,"column":59},"end":{"line":70,"column":null}},"line":56},"1":{"name":"getTradingState","decl":{"start":{"line":75,"column":16},"end":{"line":75,"column":32}},"loc":{"start":{"line":75,"column":61},"end":{"line":83,"column":null}},"line":75},"2":{"name":"isBookTradeable","decl":{"start":{"line":88,"column":16},"end":{"line":88,"column":32}},"loc":{"start":{"line":88,"column":47},"end":{"line":101,"column":null}},"line":88},"3":{"name":"isReducingOrder","decl":{"start":{"line":106,"column":16},"end":{"line":106,"column":null}},"loc":{"start":{"line":109,"column":35},"end":{"line":117,"column":null}},"line":109},"4":{"name":"checkTradingGate","decl":{"start":{"line":122,"column":16},"end":{"line":122,"column":33}},"loc":{"start":{"line":130,"column":1},"end":{"line":185,"column":null}},"line":130},"5":{"name":"calculateNotional","decl":{"start":{"line":190,"column":16},"end":{"line":190,"column":34}},"loc":{"start":{"line":190,"column":68},"end":{"line":195,"column":null}},"line":190},"6":{"name":"checkExposureLimits","decl":{"start":{"line":200,"column":16},"end":{"line":200,"column":36}},"loc":{"start":{"line":204,"column":1},"end":{"line":224,"column":null}},"line":204},"7":{"name":"validateTrade","decl":{"start":{"line":229,"column":16},"end":{"line":229,"column":30}},"loc":{"start":{"line":238,"column":1},"end":{"line":281,"column":null}},"line":238}},"branchMap":{"0":{"loc":{"start":{"line":57,"column":2},"end":{"line":69,"column":null}},"type":"switch","locations":[{"start":{"line":58,"column":4},"end":{"line":58,"column":null}},{"start":{"line":59,"column":4},"end":{"line":60,"column":null}},{"start":{"line":61,"column":4},"end":{"line":62,"column":32}},{"start":{"line":63,"column":4},"end":{"line":64,"column":null}},{"start":{"line":65,"column":4},"end":{"line":66,"column":null}},{"start":{"line":67,"column":4},"end":{"line":68,"column":null}}],"line":57},"1":{"loc":{"start":{"line":76,"column":2},"end":{"line":78,"column":null}},"type":"if","locations":[{"start":{"line":76,"column":2},"end":{"line":78,"column":null}},{"start":{},"end":{}}],"line":76},"2":{"loc":{"start":{"line":79,"column":2},"end":{"line":81,"column":null}},"type":"if","locations":[{"start":{"line":79,"column":2},"end":{"line":81,"column":null}},{"start":{},"end":{}}],"line":79},"3":{"loc":{"start":{"line":89,"column":2},"end":{"line":100,"column":null}},"type":"switch","locations":[{"start":{"line":90,"column":4},"end":{"line":91,"column":null}},{"start":{"line":92,"column":4},"end":{"line":93,"column":null}},{"start":{"line":94,"column":4},"end":{"line":95,"column":32}},{"start":{"line":96,"column":4},"end":{"line":97,"column":null}},{"start":{"line":98,"column":4},"end":{"line":99,"column":null}}],"line":89},"4":{"loc":{"start":{"line":111,"column":2},"end":{"line":113,"column":null}},"type":"if","locations":[{"start":{"line":111,"column":2},"end":{"line":113,"column":null}},{"start":{},"end":{}}],"line":111},"5":{"loc":{"start":{"line":111,"column":6},"end":{"line":111,"column":56}},"type":"binary-expr","locations":[{"start":{"line":111,"column":6},"end":{"line":111,"column":27}},{"start":{"line":111,"column":27},"end":{"line":111,"column":56}}],"line":111},"6":{"loc":{"start":{"line":136,"column":2},"end":{"line":143,"column":null}},"type":"if","locations":[{"start":{"line":136,"column":2},"end":{"line":143,"column":null}},{"start":{},"end":{}}],"line":136},"7":{"loc":{"start":{"line":147,"column":2},"end":{"line":154,"column":null}},"type":"if","locations":[{"start":{"line":147,"column":2},"end":{"line":154,"column":null}},{"start":{},"end":{}}],"line":147},"8":{"loc":{"start":{"line":159,"column":2},"end":{"line":168,"column":null}},"type":"if","locations":[{"start":{"line":159,"column":2},"end":{"line":168,"column":null}},{"start":{},"end":{}}],"line":159},"9":{"loc":{"start":{"line":159,"column":6},"end":{"line":159,"column":71}},"type":"binary-expr","locations":[{"start":{"line":159,"column":6},"end":{"line":159,"column":40}},{"start":{"line":159,"column":40},"end":{"line":159,"column":71}}],"line":159},"10":{"loc":{"start":{"line":160,"column":4},"end":{"line":167,"column":null}},"type":"if","locations":[{"start":{"line":160,"column":4},"end":{"line":167,"column":null}},{"start":{},"end":{}}],"line":160},"11":{"loc":{"start":{"line":171,"column":2},"end":{"line":178,"column":null}},"type":"if","locations":[{"start":{"line":171,"column":2},"end":{"line":178,"column":null}},{"start":{},"end":{}}],"line":171},"12":{"loc":{"start":{"line":171,"column":6},"end":{"line":171,"column":44}},"type":"binary-expr","locations":[{"start":{"line":171,"column":6},"end":{"line":171,"column":23}},{"start":{"line":171,"column":23},"end":{"line":171,"column":44}}],"line":171},"13":{"loc":{"start":{"line":191,"column":2},"end":{"line":193,"column":null}},"type":"if","locations":[{"start":{"line":191,"column":2},"end":{"line":193,"column":null}},{"start":{},"end":{}}],"line":191},"14":{"loc":{"start":{"line":191,"column":6},"end":{"line":191,"column":36}},"type":"binary-expr","locations":[{"start":{"line":191,"column":6},"end":{"line":191,"column":24}},{"start":{"line":191,"column":24},"end":{"line":191,"column":36}}],"line":191},"15":{"loc":{"start":{"line":205,"column":31},"end":{"line":205,"column":46}},"type":"default-arg","locations":[{"start":{"line":205,"column":45},"end":{"line":205,"column":46}}],"line":205},"16":{"loc":{"start":{"line":210,"column":2},"end":{"line":217,"column":null}},"type":"if","locations":[{"start":{"line":210,"column":2},"end":{"line":217,"column":null}},{"start":{},"end":{}}],"line":210},"17":{"loc":{"start":{"line":241,"column":2},"end":{"line":247,"column":null}},"type":"if","locations":[{"start":{"line":241,"column":2},"end":{"line":247,"column":null}},{"start":{},"end":{}}],"line":241},"18":{"loc":{"start":{"line":251,"column":2},"end":{"line":257,"column":null}},"type":"if","locations":[{"start":{"line":251,"column":2},"end":{"line":257,"column":null}},{"start":{},"end":{}}],"line":251},"19":{"loc":{"start":{"line":261,"column":2},"end":{"line":275,"column":null}},"type":"if","locations":[{"start":{"line":261,"column":2},"end":{"line":275,"column":null}},{"start":{},"end":{}}],"line":261},"20":{"loc":{"start":{"line":268,"column":4},"end":{"line":274,"column":null}},"type":"if","locations":[{"start":{"line":268,"column":4},"end":{"line":274,"column":null}},{"start":{},"end":{}}],"line":268}},"s":{"0":0,"1":0,"2":0,"3":0,"4":0,"5":0,"6":9,"7":3,"8":6,"9":3,"10":3,"11":4,"12":0,"13":0,"14":0,"15":4,"16":0,"17":6,"18":3,"19":3,"20":6,"21":6,"22":6,"23":2,"24":4,"25":4,"26":0,"27":4,"28":4,"29":2,"30":1,"31":3,"32":0,"33":3,"34":0,"35":0,"36":0,"37":0,"38":0,"39":0,"40":0,"41":0,"42":0,"43":0,"44":0,"45":0,"46":0,"47":0,"48":0,"49":0,"50":0,"51":0,"52":0,"53":0,"54":0},"f":{"0":0,"1":9,"2":4,"3":6,"4":6,"5":0,"6":0,"7":0},"b":{"0":[0,0,0,0,0,0],"1":[3,6],"2":[3,3],"3":[0,0,0,4,0],"4":[3,3],"5":[6,3],"6":[2,4],"7":[0,4],"8":[2,2],"9":[4,2],"10":[1,1],"11":[0,3],"12":[3,0],"13":[0,0],"14":[0,0],"15":[0],"16":[0,0],"17":[0,0],"18":[0,0],"19":[0,0],"20":[0,0]},"meta":{"lastBranch":21,"lastFunction":8,"lastStatement":55,"seen":{"f:56:16:56:39":0,"b:58:4:58:Infinity:59:4:60:Infinity:61:4:62:32:63:4:64:Infinity:65:4:66:Infinity:67:4:68:Infinity":0,"s:57:2:69:Infinity":0,"s:60:6:60:Infinity":1,"s:62:6:62:32":2,"s:64:6:64:Infinity":3,"s:66:6:66:Infinity":4,"s:68:6:68:Infinity":5,"f:75:16:75:32":1,"b:76:2:78:Infinity:undefined:undefined:undefined:undefined":1,"s:76:2:78:Infinity":6,"s:77:4:77:Infinity":7,"b:79:2:81:Infinity:undefined:undefined:undefined:undefined":2,"s:79:2:81:Infinity":8,"s:80:4:80:Infinity":9,"s:82:2:82:Infinity":10,"f:88:16:88:32":2,"b:90:4:91:Infinity:92:4:93:Infinity:94:4:95:32:96:4:97:Infinity:98:4:99:Infinity":3,"s:89:2:100:Infinity":11,"s:91:6:91:Infinity":12,"s:93:6:93:Infinity":13,"s:95:6:95:32":14,"s:97:6:97:Infinity":15,"s:99:6:99:Infinity":16,"f:106:16:106:Infinity":3,"b:111:2:113:Infinity:undefined:undefined:undefined:undefined":4,"s:111:2:113:Infinity":17,"b:111:6:111:27:111:27:111:56":5,"s:112:4:112:18":18,"s:116:2:116:Infinity":19,"f:122:16:122:33":4,"s:131:96:131:Infinity":20,"s:133:23:133:Infinity":21,"b:136:2:143:Infinity:undefined:undefined:undefined:undefined":6,"s:136:2:143:Infinity":22,"s:137:4:142:Infinity":23,"s:146:20:146:Infinity":24,"b:147:2:154:Infinity:undefined:undefined:undefined:undefined":7,"s:147:2:154:Infinity":25,"s:148:4:153:Infinity":26,"s:157:21:157:Infinity":27,"b:159:2:168:Infinity:undefined:undefined:undefined:undefined":8,"s:159:2:168:Infinity":28,"b:159:6:159:40:159:40:159:71":9,"b:160:4:167:Infinity:undefined:undefined:undefined:undefined":10,"s:160:4:167:Infinity":29,"s:161:6:166:Infinity":30,"b:171:2:178:Infinity:undefined:undefined:undefined:undefined":11,"s:171:2:178:Infinity":31,"b:171:6:171:23:171:23:171:44":12,"s:172:4:177:Infinity":32,"s:180:2:184:Infinity":33,"f:190:16:190:34":5,"b:191:2:193:Infinity:undefined:undefined:undefined:undefined":13,"s:191:2:193:Infinity":34,"b:191:6:191:24:191:24:191:36":14,"s:192:4:192:17":35,"s:194:2:194:Infinity":36,"f:200:16:200:36":6,"s:205:51:205:Infinity":37,"b:205:45:205:46":15,"s:207:28:207:Infinity":38,"s:208:22:208:Infinity":39,"b:210:2:217:Infinity:undefined:undefined:undefined:undefined":16,"s:210:2:217:Infinity":40,"s:211:4:216:Infinity":41,"s:219:2:223:Infinity":42,"f:229:16:229:30":7,"s:240:21:240:Infinity":43,"b:241:2:247:Infinity:undefined:undefined:undefined:undefined":17,"s:241:2:247:Infinity":44,"s:242:4:246:Infinity":45,"s:250:19:250:Infinity":46,"b:251:2:257:Infinity:undefined:undefined:undefined:undefined":18,"s:251:2:257:Infinity":47,"s:252:4:256:Infinity":48,"s:260:21:260:Infinity":49,"b:261:2:275:Infinity:undefined:undefined:undefined:undefined":19,"s:261:2:275:Infinity":50,"s:262:27:266:Infinity":51,"b:268:4:274:Infinity:undefined:undefined:undefined:undefined":20,"s:268:4:274:Infinity":52,"s:269:6:273:Infinity":53,"s:277:2:280:Infinity":54}}}
,"C:\\Users\\ccana\\Documents\\augment-projects\\akiva-ai-crypto\\src\\lib\\utils.ts": {"path":"C:\\Users\\ccana\\Documents\\augment-projects\\akiva-ai-crypto\\src\\lib\\utils.ts","statementMap":{"0":{"start":{"line":5,"column":2},"end":{"line":5,"column":null}}},"fnMap":{"0":{"name":"cn","decl":{"start":{"line":4,"column":16},"end":{"line":4,"column":19}},"loc":{"start":{"line":4,"column":42},"end":{"line":6,"column":null}},"line":4}},"branchMap":{},"s":{"0":1360},"f":{"0":1360},"b":{},"meta":{"lastBranch":0,"lastFunction":1,"lastStatement":1,"seen":{"f:4:16:4:19":0,"s:5:2:5:Infinity":0}}}
}
